This is e-TeX, Version 3.141592-2.2 (MiKTeX 2.4) (preloaded format=latex 2006.6.28)  26 JUL 2007 11:36
entering extended mode
**master2
(master2.tex
LaTeX2e <2003/12/01>
Babel <v3.8g> and hyphenation patterns for english, dumylang, nohyphenation, ge
rman, ngerman, french, loaded.
(C:\texmf\tex\latex\base\article.cls
Document Class: article 2004/02/16 v1.4f Standard LaTeX document class
(C:\texmf\tex\latex\base\size10.clo
File: size10.clo 2004/02/16 v1.4f Standard LaTeX file (size option)
)
\c@part=\count79
\c@section=\count80
\c@subsection=\count81
\c@subsubsection=\count82
\c@paragraph=\count83
\c@subparagraph=\count84
\c@figure=\count85
\c@table=\count86
\abovecaptionskip=\skip41
\belowcaptionskip=\skip42
\bibindent=\dimen102
) (C:\texmf\tex\latex\base\fontenc.sty
Package: fontenc 2004/02/22 v1.99f Standard LaTeX package

(C:\texmf\tex\latex\base\t1enc.def
File: t1enc.def 2004/02/22 v1.99f Standard LaTeX file
LaTeX Font Info:    Redeclaring font encoding T1 on input line 43.
)) (C:\texmf\tex\latex\geometry\geometry.sty
Package: geometry 2002/07/08 v3.2 Page Geometry

(C:\texmf\tex\latex\graphics\keyval.sty
Package: keyval 1999/03/16 v1.13 key=value parser (DPC)
\KV@toks@=\toks14
)
\Gm@cnth=\count87
\Gm@cntv=\count88
\c@Gm@tempcnt=\count89
\Gm@bindingoffset=\dimen103
\Gm@wd@mp=\dimen104
\Gm@odd@mp=\dimen105
\Gm@even@mp=\dimen106
\Gm@dimlist=\toks15

(C:\texmf\tex\latex\geometry\geometry.cfg))
(C:\texmf\tex\generic\babel\babel.sty
Package: babel 2005/05/21 v3.8g The Babel package
 (C:\texmf\tex\generic\babel\english.ldf
Language: english 2005/03/30 v3.3o English support from the babel system

(C:\texmf\tex\generic\babel\babel.def
File: babel.def 2005/05/21 v3.8g Babel common definitions
\babel@savecnt=\count90
\U@D=\dimen107
)
\l@british = a dialect from \language\l@english 
\l@UKenglish = a dialect from \language\l@english 
\l@canadian = a dialect from \language\l@american 
\l@australian = a dialect from \language\l@british 
\l@newzealand = a dialect from \language\l@british 
))
(C:\texmf\tex\latex\graphics\graphicx.sty
Package: graphicx 1999/02/16 v1.0f Enhanced LaTeX Graphics (DPC,SPQR)

(C:\texmf\tex\latex\graphics\graphics.sty
Package: graphics 2001/07/07 v1.0n Standard LaTeX Graphics (DPC,SPQR)
 (C:\texmf\tex\latex\graphics\trig.sty
Package: trig 1999/03/16 v1.09 sin cos tan (DPC)
) (C:\texmf\tex\latex\00miktex\graphics.cfg
File: graphics.cfg 2005/12/29 v1.2 MiKTeX 'graphics' configuration
)
Package graphics Info: Driver file: dvips.def on input line 80.

(C:\texmf\tex\latex\graphics\dvips.def
File: dvips.def 1999/02/16 v3.0i Driver-dependant file (DPC,SPQR)
))
\Gin@req@height=\dimen108
\Gin@req@width=\dimen109
)
No file master2.aux.
LaTeX Font Info:    Checking defaults for OML/cmm/m/it on input line 57.
LaTeX Font Info:    ... okay on input line 57.
LaTeX Font Info:    Checking defaults for T1/cmr/m/n on input line 57.
LaTeX Font Info:    ... okay on input line 57.
LaTeX Font Info:    Checking defaults for OT1/cmr/m/n on input line 57.
LaTeX Font Info:    ... okay on input line 57.
LaTeX Font Info:    Checking defaults for OMS/cmsy/m/n on input line 57.
LaTeX Font Info:    ... okay on input line 57.
LaTeX Font Info:    Checking defaults for OMX/cmex/m/n on input line 57.
LaTeX Font Info:    ... okay on input line 57.
LaTeX Font Info:    Checking defaults for U/cmr/m/n on input line 57.
LaTeX Font Info:    ... okay on input line 57.
-------------------- Geometry parameters
paper: letterpaper
landscape: --
twocolumn: --
twoside: --
asymmetric: --
h-parts: 92.14519pt, 0.7\paperwidth , 92.14519pt (default)
v-parts: 95.39737pt, 0.7\paperheight , 143.09605pt (default)
hmarginratio: 1:1
vmarginratio: 2:3
lines: --
heightrounded: --
bindingoffset: 0.0pt
truedimen: --
includehead: --
includefoot: --
includemp: --
driver: 
-------------------- Page layout dimensions and switches
\paperwidth  614.295pt
\paperheight 794.96999pt
\textwidth  486.91013pt
\textheight 656.0612pt
\oddsidemargin  19.8752pt
\evensidemargin 19.8752pt
\topmargin  18.06749pt
\headheight 12.0pt
\headsep    25.0pt
\footskip   30.0pt
\marginparwidth 65.0pt
\marginparsep   11.0pt
\columnsep  10.0pt
\skip\footins  9.0pt plus 4.0pt minus 2.0pt
\hoffset -28.45274pt
\voffset -42.67912pt
\mag 1000

(1in=72.27pt, 1cm=28.45pt)
-----------------------
LaTeX Font Info:    External font `cmex10' loaded for size
(Font)              <12> on input line 70.
LaTeX Font Info:    External font `cmex10' loaded for size
(Font)              <8> on input line 70.
LaTeX Font Info:    External font `cmex10' loaded for size
(Font)              <6> on input line 70.
No file master2.toc.
\tf@toc=\write3
[1

] (walking_speed.tex
LaTeX Font Info:    Try loading font information for OMS+cmr on input line 9.
 (C:\texmf\tex\latex\base\omscmr.fd
File: omscmr.fd 1999/05/25 v2.5h Standard LaTeX font definitions
)
LaTeX Font Info:    Font shape `OMS/cmr/m/n' in size <10> not available
(Font)              Font shape `OMS/cmsy/m/n' tried instead on input line 9.
) [2

]
(measurement.tex
LaTeX Font Info:    External font `cmex10' loaded for size
(Font)              <14.4> on input line 6.
LaTeX Font Info:    External font `cmex10' loaded for size
(Font)              <7> on input line 6.
LaTeX Font Info:    External font `cmex10' loaded for size
(Font)              <5> on input line 6.
 [3


] [4]) [5] (measurement_length.tex [6


]) [7]
(measurement_uncertainty.tex [8


] [9] [10]
File: measurement_uncertainty_fig1.eps Graphic file (type eps)
 <measurement_uncertainty_fig1.eps>)
[11] (position.tex [12


]
File: position_fig1.eps Graphic file (type eps)
 <position_fig1.eps>
File: position_fig1.eps Graphic file (type eps)
 <position_fig1.eps>
File: position_fig1.eps Graphic file (type eps)

<position_fig1.eps> [13]
File: position_fig2.eps Graphic file (type eps)
 <position_fig2.eps>
File: position_fig3.eps Graphic file (type eps)
 <position_fig3.eps> [14]
File: position_fig4.eps Graphic file (type eps)

<position_fig4.eps> [15]
File: position_fig5.eps Graphic file (type eps)
 <position_fig5.eps>
File: position_fig6.eps Graphic file (type eps)
 <position_fig6.eps>
File: position_fig7.eps Graphic file (type eps)

<position_fig7.eps>
File: position_fig8.eps Graphic file (type eps)
 <position_fig8.eps>
File: position_fig9.eps Graphic file (type eps)
 <position_fig9.eps> [16]
File: position_fig10.eps Graphic file (type eps)

<position_fig10.eps>
File: position_fig11.eps Graphic file (type eps)
 <position_fig11.eps>
File: position_fig12.eps Graphic file (type eps)
 <position_fig12.eps>
File: position_fig13.eps Graphic file (type eps)

<position_fig13.eps> [17]
File: position_fig13.eps Graphic file (type eps)
 <position_fig13.eps>
File: position_fig13.eps Graphic file (type eps)
 <position_fig13.eps>
File: position_fig13.eps Graphic file (type eps)

<position_fig13.eps>
File: position_fig13.eps Graphic file (type eps)
 <position_fig13.eps> [18]) [19] (velocity.tex
File: velocity_fig1.eps Graphic file (type eps)

<velocity_fig1.eps>
File: velocity_fig1.eps Graphic file (type eps)
 <velocity_fig1.eps> [20


]
File: velocity_fig1.eps Graphic file (type eps)
 <velocity_fig1.eps>
File: velocity_fig2.eps Graphic file (type eps)

<velocity_fig2.eps> [21]
File: velocity_fig2.eps Graphic file (type eps)
 <velocity_fig2.eps> [22]
File: velocity_fig3.eps Graphic file (type eps)
 <velocity_fig3.eps>
File: velocity_fig4.eps Graphic file (type eps)

<velocity_fig4.eps>
File: velocity_fig5.eps Graphic file (type eps)
 <velocity_fig5.eps>
File: velocity_fig6.eps Graphic file (type eps)
 <velocity_fig6.eps>
File: velocity_fig7.eps Graphic file (type eps)

<velocity_fig7.eps> [23]
File: velocity_fig8.eps Graphic file (type eps)
 <velocity_fig8.eps> [24]
File: velocity_fig9.eps Graphic file (type eps)
 <velocity_fig9.eps>
File: velocity_fig10.eps Graphic file (type eps)

<velocity_fig10.eps>
File: velocity_fig11.eps Graphic file (type eps)
 <velocity_fig11.eps>
File: velocity_fig12.eps Graphic file (type eps)
 <velocity_fig12.eps> [25]
File: velocity_fig13.eps Graphic file (type eps)

<velocity_fig13.eps>
File: velocity_fig14.eps Graphic file (type eps)
 <velocity_fig14.eps>
File: velocity_fig15.eps Graphic file (type eps)
 <velocity_fig15.eps>
File: velocity_fig15.eps Graphic file (type eps)

<velocity_fig15.eps> [26]
File: velocity_fig16.eps Graphic file (type eps)
 <velocity_fig16.eps>
File: velocity_fig16.eps Graphic file (type eps)
 <velocity_fig16.eps>) [27]
(relating.tex
File: relating_fig1.eps Graphic file (type eps)
 <relating_fig1.eps> [28


] [29]
File: relating_fig2.eps Graphic file (type eps)
 <relating_fig2.eps> [30]
File: relating_fig3.eps Graphic file (type eps)

<relating_fig3.eps>
File: relating_fig4.eps Graphic file (type eps)
 <relating_fig4.eps>
File: relating_fig5.eps Graphic file (type eps)
 <relating_fig5.eps>
File: relating_fig6.eps Graphic file (type eps)

<relating_fig6.eps> [31]) [32] (changing.tex
File: changing_fig1.eps Graphic file (type eps)
 <changing_fig1.eps> [33


]
File: changing_fig2.eps Graphic file (type eps)

<changing_fig2.eps> [34]
File: changing_fig3.eps Graphic file (type eps)
 <changing_fig3.eps> [35]
File: changing_fig1.eps Graphic file (type eps)
 <changing_fig1.eps>
File: changing_fig2.eps Graphic file (type eps)

<changing_fig2.eps> [36] [37]
File: changing_fig4.eps Graphic file (type eps)
 <changing_fig4.eps> [38]
File: changing_fig5.eps Graphic file (type eps)
 <changing_fig5.eps>
[39]
File: changing_fig5.eps Graphic file (type eps)
 <changing_fig5.eps> [40]
File: changing_fig6.eps Graphic file (type eps)
 <changing_fig6.eps> [41]
File: changing_fig7.eps Graphic file (type eps)
 <changing_fig7.eps>
File: changing_fig8.eps Graphic file (type eps)

<changing_fig8.eps>
File: changing_fig9.eps Graphic file (type eps)
 <changing_fig9.eps> [42]
File: changing_fig10.eps Graphic file (type eps)
 <changing_fig10.eps>
File: changing_fig11.eps Graphic file (type eps)

<changing_fig11.eps> [43]
File: changing_fig12.eps Graphic file (type eps)
 <changing_fig12.eps>
File: changing_fig12.eps Graphic file (type eps)
 <changing_fig12.eps>
File: changing_fig12.eps Graphic file (type eps)

<changing_fig12.eps> [44]
File: changing_fig12.eps Graphic file (type eps)
 <changing_fig12.eps>) [45] (slowing.tex
File: slowing_fig1.eps Graphic file (type eps)

<slowing_fig1.eps> [46


] [47]
File: slowing_fig2.eps Graphic file (type eps)
 <slowing_fig2.eps>
File: slowing_fig1.eps Graphic file (type eps)
 <slowing_fig1.eps> [48]
[49]
File: slowing_fig3.eps Graphic file (type eps)
 <slowing_fig3.eps>
File: slowing_fig4.eps Graphic file (type eps)
 <slowing_fig4.eps> [50]
File: slowing_fig5.eps Graphic file (type eps)
 <slowing_fig5.eps> [51]
[52]
File: slowing_fig6.eps Graphic file (type eps)
 <slowing_fig6.eps>
File: slowing_fig7.eps Graphic file (type eps)
 <slowing_fig7.eps>
File: slowing_fig8.eps Graphic file (type eps)
 <slowing_fig8.eps> [53]
File: slowing_fig9.eps Graphic file (type eps)

<slowing_fig9.eps>
File: slowing_fig10.eps Graphic file (type eps)
 <slowing_fig10.eps> [54]
File: slowing_fig11.eps Graphic file (type eps)
 <slowing_fig11.eps>
File: slowing_fig12.eps Graphic file (type eps)

<slowing_fig12.eps>
File: slowing_fig13.eps Graphic file (type eps)
 <slowing_fig13.eps> [55]
File: slowing_fig14.eps Graphic file (type eps)
 <slowing_fig14.eps>
File: slowing_fig15.eps Graphic file (type eps)

<slowing_fig15.eps>
File: slowing_fig15.eps Graphic file (type eps)
 <slowing_fig15.eps> [56]
File: slowing_fig15.eps Graphic file (type eps)
 <slowing_fig15.eps>
File: slowing_fig16.eps Graphic file (type eps)

<slowing_fig16.eps>
File: slowing_fig16.eps Graphic file (type eps)
 <slowing_fig16.eps>
File: slowing_fig16.eps Graphic file (type eps)
 <slowing_fig16.eps> [57]
File: slowing_fig17.eps Graphic file (type eps)

<slowing_fig17.eps>
Overfull \hbox (42.06612pt too wide) in paragraph at lines 491--491
 [][] 
 []

) [58] (grav_freefall.tex [59


] [60]) [61] (projectile.tex [62


] [63]) [64]
(force1.tex
File: force1_fig1.eps Graphic file (type eps)
 <force1_fig1.eps> [65


]
File: force1_fig2.eps Graphic file (type eps)
 <force1_fig2.eps> [66] [67]
File: force1_fig3.eps Graphic file (type eps)

<force1_fig3.eps> [68]
File: force1_fig4.eps Graphic file (type eps)
 <force1_fig4.eps>
File: force1_fig5.eps Graphic file (type eps)
 <force1_fig5.eps> [69]
File: force1_fig5.eps Graphic file (type eps)

<force1_fig5.eps> [70] [71] [72]
File: force1_fig6.eps Graphic file (type eps)
 <force1_fig6.eps>
File: force1_fig7.eps Graphic file (type eps)
 <force1_fig7.eps>
File: force1_fig8.eps Graphic file (type eps)

<force1_fig8.eps>
File: force1_fig9.eps Graphic file (type eps)
 <force1_fig9.eps> [73]
File: force1_fig10.eps Graphic file (type eps)
 <force1_fig10.eps>
File: force1_fig10.eps Graphic file (type eps)
 <force1_fig10.eps>
File: force1_fig10.eps Graphic file (type eps)

<force1_fig10.eps> [74]
File: force1_fig11.eps Graphic file (type eps)
 <force1_fig11.eps>
File: force1_fig9.eps Graphic file (type eps)
 <force1_fig9.eps>
File: force1_fig12.eps Graphic file (type eps)

<force1_fig12.eps> [75]
File: force1_fig9.eps Graphic file (type eps)
 <force1_fig9.eps>) [76] (force2.tex
File: force2_fig1.eps Graphic file (type eps)
 <force2_fig1.eps>
[77


]
File: force2_fig2.eps Graphic file (type eps)
 <force2_fig2.eps>
File: force2_fig3.eps Graphic file (type eps)
 <force2_fig3.eps> [78]
File: force2_fig4.eps Graphic file (type eps)
 <force2_fig4.eps> [79]
File: force2_fig5.eps Graphic file (type eps)

<force2_fig5.eps> [80]
File: force2_fig6.eps Graphic file (type eps)
 <force2_fig6.eps>
File: force2_fig7.eps Graphic file (type eps)
 <force2_fig7.eps>
File: force2_fig7.eps Graphic file (type eps)
 <force2_fig7.eps>
[81]
File: force2_fig7.eps Graphic file (type eps)
 <force2_fig7.eps>
File: force2_fig7.eps Graphic file (type eps)
 <force2_fig7.eps>
File: force2_fig7.eps Graphic file (type eps)
 <force2_fig7.eps>
File: force2_fig7.eps Graphic file (type eps)
 <force2_fig7.eps>
[82]
File: force2_fig8.eps Graphic file (type eps)
 <force2_fig8.eps>
File: force2_fig9.eps Graphic file (type eps)
 <force2_fig9.eps> [83]
File: force2_fig6.eps Graphic file (type eps)
 <force2_fig6.eps>
File: force2_fig10.eps Graphic file (type eps)

<force2_fig10.eps>) [84] (newton.tex
File: newton_fig1.eps Graphic file (type eps)
 <newton_fig1.eps> [85


]
File: newton_fig2.eps Graphic file (type eps)
 <newton_fig2.eps>
File: newton_fig3.eps Graphic file (type eps)

<newton_fig3.eps>
File: newton_fig4.eps Graphic file (type eps)
 <newton_fig4.eps> [86]
File: newton_fig5.eps Graphic file (type eps)
 <newton_fig5.eps> [87]
File: newton_fig6.eps Graphic file (type eps)

<newton_fig6.eps> [88]
File: newton_fig7.eps Graphic file (type eps)
 <newton_fig7.eps>
File: newton_fig8.eps Graphic file (type eps)
 <newton_fig8.eps> [89]
File: newton_fig9.eps Graphic file (type eps)

<newton_fig9.eps> [90]
File: newton_fig10.eps Graphic file (type eps)
 <newton_fig10.eps>) [91] (elec_grav.tex
File: elec_grav_fig1.eps Graphic file (type eps)

<elec_grav_fig1.eps>
File: elec_grav_fig2.eps Graphic file (type eps)
 <elec_grav_fig2.eps> [92


]
File: elec_grav_fig3.eps Graphic file (type eps)
 <elec_grav_fig3.eps>
File: elec_grav_fig4.eps Graphic file (type eps)

<elec_grav_fig4.eps> [93] [94] [95]) [96] (centripetal.tex
File: centripetal_fig1.eps Graphic file (type eps)

<centripetal_fig1.eps>
File: centripetal_fig2.eps Graphic file (type eps)
 <centripetal_fig2.eps> [97


]
File: circ_motion_fig1.eps Graphic file (type eps)
 <circ_motion_fig1.eps>
[98]
File: circ_motion_fig2.eps Graphic file (type eps)
 <circ_motion_fig2.eps> [99] [100]
File: circ_motion_fig3.eps Graphic file (type eps)
 <circ_motion_fig3.eps> [101] [102]
Underfull \hbox (badness 10000) in paragraph at lines 353--358

 []


Underfull \hbox (badness 10000) in paragraph at lines 359--368

 []


Underfull \hbox (badness 10000) in paragraph at lines 359--368

 []

[103]) [104] (work_power.tex
File: work_power_fig1.eps Graphic file (type eps)
 <work_power_fig1.eps>
File: work_power_fig2.eps Graphic file (type eps)
 <work_power_fig2.eps>
[105


] [106]
File: work_power_fig3.eps Graphic file (type eps)
 <work_power_fig3.eps>
File: work_power_fig4.eps Graphic file (type eps)
 <work_power_fig4.eps>
File: work_power_fig5.eps Graphic file (type eps)
 <work_power_fig5.eps>
[107]
File: work_power_fig6.eps Graphic file (type eps)
 <work_power_fig6.eps> [108] [109]) [110] (conservation_mech.tex [111


]
[112]) [113] (momentum.tex
File: momentum_fig1.eps Graphic file (type eps)
 <momentum_fig1.eps> [114


] [115] [116] [117]
File: momentum_fig2.eps Graphic file (type eps)

<momentum_fig2.eps> [118]
File: momentum_fig3.eps Graphic file (type eps)
 <momentum_fig3.eps>) [119] (rotation.tex
File: rotation_fig1.eps Graphic file (type eps)

<rotation_fig1.eps> [120


]
File: rotation_fig3.eps Graphic file (type eps)
 <rotation_fig3.eps>
File: rotation_fig4.eps Graphic file (type eps)
 <rotation_fig4.eps>
File: rotation_fig5.eps Graphic file (type eps)

<rotation_fig5.eps> [121]
File: rotation_fig6.eps Graphic file (type eps)
 <rotation_fig6.eps> [122]
File: rotation_fig7.eps Graphic file (type eps)
 <rotation_fig7.eps>
[123]
File: rotation_fig8.eps Graphic file (type eps)
 <rotation_fig8.eps> [124]
File: rotation_fig9.eps Graphic file (type eps)
 <rotation_fig9.eps> [125]) [126]
(cons_ang_mom.tex [127


] [128]) [129] (hooke.tex
Underfull \hbox (badness 10000) in paragraph at lines 14--15

 []

[130


]) [131] (periodic_motion.tex
File: periodic_motion_fig1.eps Graphic file (type eps)
 <periodic_motion_fig1.eps> [132


] [133]
[134]
File: periodic_motion_fig2.eps Graphic file (type eps)
 <periodic_motion_fig2.eps>
File: periodic_motion_fig3.eps Graphic file (type eps)
 <periodic_motion_fig3.eps> [135] [136]
[137]) [138] (pendulum_period.tex
Underfull \hbox (badness 10000) in paragraph at lines 18--19

 []

[139


]) [140] (resonance_tubes.tex
Underfull \hbox (badness 10000) in paragraph at lines 22--23

 []

LaTeX Font Info:    External font `cmex10' loaded for size
(Font)              <9> on input line 24.

Underfull \hbox (badness 10000) in paragraph at lines 24--25

 []

[141


]) [142] (heat_temp_int_energy.tex
File: heat_temp_int_energy_fig_1.eps Graphic file (type eps)
 <heat_temp_int_energy_fig_1.eps>
[143


]) [144] (calorimetry.tex
File: calorimetry_fig_1.eps Graphic file (type eps)
 <calorimetry_fig_1.eps> [145


] [146] [147]
[148]) [149] (boyles_law.tex
File: boyleslawfig1.eps Graphic file (type eps)
 <boyleslawfig1.eps> [150


] [151]
File: boyleslawfig2.eps Graphic file (type eps)

<boyleslawfig2.eps> [152]) [153] (charles_law.tex
File: charles_law_fig1.eps Graphic file (type eps)
 <charles_law_fig1.eps>
[154


]
Overfull \hbox (11.01068pt too wide) in paragraph at lines 105--183
 [][] 
 []


Overfull \hbox (11.01068pt too wide) in paragraph at lines 197--275
 [][] 
 []

[155]) [156] (P-T.tex
File: P-T_fig1b.eps Graphic file (type eps)
 <P-T_fig1b.eps> [157


]) [158] (electrostatics.tex [159


]
[160] [161]) [162] (ef_equipot_lines.tex
File: ef_equipot_lines_fig_1.eps Graphic file (type eps)
 <ef_equipot_lines_fig_1.eps>
File: ef_equipot_lines_fig_2.eps Graphic file (type eps)

<ef_equipot_lines_fig_2.eps> [163


]
File: ef_equipot_lines_fig_3.eps Graphic file (type eps)
 <ef_equipot_lines_fig_3.eps> [164]) [165]
(ohms_law.tex
File: ohms_law_fig_1.eps Graphic file (type eps)
 <ohms_law_fig_1.eps> [166


] [167] [168]
File: ohms_law_fig_2b.eps Graphic file (type eps)
 <ohms_law_fig_2b.eps>
[169]) [170] (magnetism_1.tex [171


] [172]) [173] (magnetism_2.tex
File: magnetism_2_fig_1.eps Graphic file (type eps)

<magnetism_2_fig_1.eps> [174


]
File: magnetism_2_fig_2.eps Graphic file (type eps)
 <magnetism_2_fig_2.eps> [175]
File: magnetism_2_fig_3.eps Graphic file (type eps)

<magnetism_2_fig_3.eps>) [176] (refraction_of_light.tex
File: refraction_of_light_fig_1.eps Graphic file (type eps)

<refraction_of_light_fig_1.eps> [177


] [178]) [179]
(refraction_at_spherical_surfaces.tex [180


] [181]) [182]
(diffraction_grating.tex) [183


] (hydrogen.tex [184


]) [185] (twins_paradox.tex
[186


] [187]) [188] (treatment_data.tex [189


]) [190] (datastudio.tex
File: datastudio_fig1.eps Graphic file (type eps)

<datastudio_fig1.eps> [191


]) [192] (excel.tex
File: excelwindow.eps Graphic file (type eps)
 <excelwindow.eps>
File: bargraph.eps Graphic file (type eps)
 <bargraph.eps>
[193


]
File: excelicon.eps Graphic file (type eps)
 <excelicon.eps>) [194] (video_analysis.tex [195


]) [196]
(instrumentation.tex [197


]
File: instrumentation_fig1.eps Graphic file (type eps)
 <instrumentation_fig1.eps> [198]) [199] (master2.aux (walking_speed.aux) (meas
urement.aux) (measurement_length.aux)
(measurement_uncertainty.aux) (position.aux) (velocity.aux) (relating.aux)
(changing.aux) (slowing.aux) (grav_freefall.aux) (projectile.aux) (force1.aux)
(force2.aux) (newton.aux) (elec_grav.aux) (centripetal.aux) (work_power.aux)
(conservation_mech.aux) (momentum.aux) (rotation.aux) (cons_ang_mom.aux)
(hooke.aux) (periodic_motion.aux) (pendulum_period.aux) (resonance_tubes.aux)
(heat_temp_int_energy.aux) (calorimetry.aux) (boyles_law.aux) (charles_law.aux)
(P-T.aux) (electrostatics.aux) (ef_equipot_lines.aux) (ohms_law.aux)
(magnetism_1.aux) (magnetism_2.aux) (refraction_of_light.aux)
(refraction_at_spherical_surfaces.aux) (diffraction_grating.aux) (hydrogen.aux)
(twins_paradox.aux) (treatment_data.aux) (datastudio.aux) (excel.aux)
(video_analysis.aux) (instrumentation.aux)) ) 
Here is how much of TeX's memory you used:
 3003 strings out of 95901
 32199 string characters out of 1195329
 73963 words of memory out of 1069555
 4649 multiletter control sequences out of 60000
 20197 words of font info for 49 fonts, out of 1000000 for 2000
 14 hyphenation exceptions out of 4999
 30i,9n,29p,880b,293s stack positions out of 5000i,500n,10000p,200000b,32768s

Output written on master2.dvi (199 pages, 442868 bytes).
