This is pdfTeX, Version 3.1415926-1.40.10 (MiKTeX 2.8) (preloaded format=latex 2010.6.29)  20 JUL 2010 13:53
entering extended mode
**masterF10
(C:\Users\hnebel\Documents\LabPHY125\masterF10.tex
LaTeX2e <2009/09/24>
Babel <v3.8l> and hyphenation patterns for english, dumylang, nohyphenation, ge
rman, ngerman, german-x-2009-06-19, ngerman-x-2009-06-19, french, loaded.
("C:\Program Files\MiKTeX 2.8\tex\latex\base\article.cls"
Document Class: article 2007/10/19 v1.4h Standard LaTeX document class
("C:\Program Files\MiKTeX 2.8\tex\latex\base\size10.clo"
File: size10.clo 2007/10/19 v1.4h Standard LaTeX file (size option)
)
\c@part=\count79
\c@section=\count80
\c@subsection=\count81
\c@subsubsection=\count82
\c@paragraph=\count83
\c@subparagraph=\count84
\c@figure=\count85
\c@table=\count86
\abovecaptionskip=\skip41
\belowcaptionskip=\skip42
\bibindent=\dimen102
)
("C:\Program Files\MiKTeX 2.8\tex\latex\base\fontenc.sty"
Package: fontenc 2005/09/27 v1.99g Standard LaTeX package

("C:\Program Files\MiKTeX 2.8\tex\latex\base\t1enc.def"
File: t1enc.def 2005/09/27 v1.99g Standard LaTeX file
LaTeX Font Info:    Redeclaring font encoding T1 on input line 43.
))
("C:\Program Files\MiKTeX 2.8\tex\latex\geometry\geometry.sty"
Package: geometry 2010/03/13 v5.3 Page Geometry

("C:\Program Files\MiKTeX 2.8\tex\latex\graphics\keyval.sty"
Package: keyval 1999/03/16 v1.13 key=value parser (DPC)
\KV@toks@=\toks14
)
("C:\Program Files\MiKTeX 2.8\tex\generic\oberdiek\ifpdf.sty"
Package: ifpdf 2010/01/28 v2.1 Provides the ifpdf switch (HO)
Package ifpdf Info: pdfTeX in pdf mode not detected.
)
("C:\Program Files\MiKTeX 2.8\tex\generic\oberdiek\ifvtex.sty"
Package: ifvtex 2010/03/01 v1.5 Switches for detecting VTeX and its modes (HO)
Package ifvtex Info: VTeX not detected.
)
\Gm@cnth=\count87
\Gm@cntv=\count88
\c@Gm@tempcnt=\count89
\Gm@bindingoffset=\dimen103
\Gm@wd@mp=\dimen104
\Gm@odd@mp=\dimen105
\Gm@even@mp=\dimen106
\Gm@layoutwidth=\dimen107
\Gm@layoutheight=\dimen108
\Gm@layouthoffset=\dimen109
\Gm@layoutvoffset=\dimen110
\Gm@dimlist=\toks15

("C:\Program Files\MiKTeX 2.8\tex\latex\geometry\geometry.cfg"))
(C:\Users\hnebel\Documents\LabPHY125\fancyhdr.sty
\fancy@headwidth=\skip43
\f@ncyO@elh=\skip44
\f@ncyO@erh=\skip45
\f@ncyO@olh=\skip46
\f@ncyO@orh=\skip47
\f@ncyO@elf=\skip48
\f@ncyO@erf=\skip49
\f@ncyO@olf=\skip50
\f@ncyO@orf=\skip51
)
("C:\Program Files\MiKTeX 2.8\tex\generic\babel\babel.sty"
Package: babel 2008/07/06 v3.8l The Babel package

*************************************
* Local config file bblopts.cfg used
*
("C:\Program Files\MiKTeX 2.8\tex\latex\00miktex\bblopts.cfg"
File: bblopts.cfg 2006/07/31 v1.0 MiKTeX 'babel' configuration
)
("C:\Program Files\MiKTeX 2.8\tex\generic\babel\english.ldf"
Language: english 2005/03/30 v3.3o English support from the babel system

("C:\Program Files\MiKTeX 2.8\tex\generic\babel\babel.def"
File: babel.def 2008/07/06 v3.8l Babel common definitions
\babel@savecnt=\count90
\U@D=\dimen111
)
\l@canadian = a dialect from \language\l@american 
\l@australian = a dialect from \language\l@british 
\l@newzealand = a dialect from \language\l@british 
))
("C:\Program Files\MiKTeX 2.8\tex\latex\graphics\graphicx.sty"
Package: graphicx 1999/02/16 v1.0f Enhanced LaTeX Graphics (DPC,SPQR)

("C:\Program Files\MiKTeX 2.8\tex\latex\graphics\graphics.sty"
Package: graphics 2009/02/05 v1.0o Standard LaTeX Graphics (DPC,SPQR)

("C:\Program Files\MiKTeX 2.8\tex\latex\graphics\trig.sty"
Package: trig 1999/03/16 v1.09 sin cos tan (DPC)
)
("C:\Program Files\MiKTeX 2.8\tex\latex\00miktex\graphics.cfg"
File: graphics.cfg 2007/01/18 v1.5 graphics configuration of teTeX/TeXLive
)
Package graphics Info: Driver file: dvips.def on input line 91.

("C:\Program Files\MiKTeX 2.8\tex\latex\graphics\dvips.def"
File: dvips.def 1999/02/16 v3.0i Driver-dependant file (DPC,SPQR)
))
\Gin@req@height=\dimen112
\Gin@req@width=\dimen113
)
(C:\Users\hnebel\Documents\LabPHY125\masterF10.aux
(C:\Users\hnebel\Documents\LabPHY125\walking_speed.aux)
(C:\Users\hnebel\Documents\LabPHY125\measurement.aux)
(C:\Users\hnebel\Documents\LabPHY125\measurement_length.aux)
(C:\Users\hnebel\Documents\LabPHY125\measurement_uncertainty.aux)
(C:\Users\hnebel\Documents\LabPHY125\position.aux)
(C:\Users\hnebel\Documents\LabPHY125\velocity.aux)
(C:\Users\hnebel\Documents\LabPHY125\relating.aux)
(C:\Users\hnebel\Documents\LabPHY125\changing.aux)
(C:\Users\hnebel\Documents\LabPHY125\slowing.aux)
(C:\Users\hnebel\Documents\LabPHY125\grav_freefall.aux)
(C:\Users\hnebel\Documents\LabPHY125\projectile.aux)
(C:\Users\hnebel\Documents\LabPHY125\force1.aux)
(C:\Users\hnebel\Documents\LabPHY125\force2.aux)
(C:\Users\hnebel\Documents\LabPHY125\newton.aux)
(C:\Users\hnebel\Documents\LabPHY125\elec_grav.aux)
(C:\Users\hnebel\Documents\LabPHY125\centripetal.aux)
(C:\Users\hnebel\Documents\LabPHY125\work_power.aux)
(C:\Users\hnebel\Documents\LabPHY125\conservation_mech.aux)
(C:\Users\hnebel\Documents\LabPHY125\momentum.aux)
(C:\Users\hnebel\Documents\LabPHY125\rotation.aux)
(C:\Users\hnebel\Documents\LabPHY125\cons_ang_mom.aux)
(C:\Users\hnebel\Documents\LabPHY125\hooke.aux)
(C:\Users\hnebel\Documents\LabPHY125\periodic_motion.aux)
(C:\Users\hnebel\Documents\LabPHY125\pendulum_period.aux)
(C:\Users\hnebel\Documents\LabPHY125\resonance_tubes.aux)
(C:\Users\hnebel\Documents\LabPHY125\heat_temp_int_energy.aux)
(C:\Users\hnebel\Documents\LabPHY125\calorimetry.aux)
(C:\Users\hnebel\Documents\LabPHY125\boyles_law.aux)
(C:\Users\hnebel\Documents\LabPHY125\charles_law.aux)
(C:\Users\hnebel\Documents\LabPHY125\P-T.aux)
(C:\Users\hnebel\Documents\LabPHY125\electrostatics.aux)
(C:\Users\hnebel\Documents\LabPHY125\ef_equipot_lines.aux)
(C:\Users\hnebel\Documents\LabPHY125\ohms_law.aux)
(C:\Users\hnebel\Documents\LabPHY125\magnetism_1.aux)
(C:\Users\hnebel\Documents\LabPHY125\magnetism_2.aux)
(C:\Users\hnebel\Documents\LabPHY125\refraction_of_light.aux)
(C:\Users\hnebel\Documents\LabPHY125\refraction_at_spherical_surfaces.aux)
(C:\Users\hnebel\Documents\LabPHY125\diffraction_grating.aux)
(C:\Users\hnebel\Documents\LabPHY125\hydrogen.aux)
(C:\Users\hnebel\Documents\LabPHY125\twins_paradox.aux)
(C:\Users\hnebel\Documents\LabPHY125\treatment_data.aux)
(C:\Users\hnebel\Documents\LabPHY125\datastudio.aux)
(C:\Users\hnebel\Documents\LabPHY125\excel.aux)
(C:\Users\hnebel\Documents\LabPHY125\video_analysis.aux)
(C:\Users\hnebel\Documents\LabPHY125\instrumentation.aux))
LaTeX Font Info:    Checking defaults for OML/cmm/m/it on input line 57.
LaTeX Font Info:    ... okay on input line 57.
LaTeX Font Info:    Checking defaults for T1/cmr/m/n on input line 57.
LaTeX Font Info:    ... okay on input line 57.
LaTeX Font Info:    Checking defaults for OT1/cmr/m/n on input line 57.
LaTeX Font Info:    ... okay on input line 57.
LaTeX Font Info:    Checking defaults for OMS/cmsy/m/n on input line 57.
LaTeX Font Info:    ... okay on input line 57.
LaTeX Font Info:    Checking defaults for OMX/cmex/m/n on input line 57.
LaTeX Font Info:    ... okay on input line 57.
LaTeX Font Info:    Checking defaults for U/cmr/m/n on input line 57.
LaTeX Font Info:    ... okay on input line 57.

*geometry* driver: auto-detecting
*geometry* detected driver: dvips

Package geometry Warning: The marginal notes overrun the paper.
     Add 21.42575pt and more to the right margin.

*geometry* verbose mode - [ preamble ] result:
* driver: dvips
* paper: letterpaper
* layout: letterpaper
* switch(es): twoside 
* h-part:(L,W,R)=(73.71613pt, 430.00462pt, 110.57425pt)
* v-part:(T,H,B)=(95.39737pt, 556.47656pt, 143.09605pt)
* \paperwidth=614.295pt
* \paperheight=794.96999pt
* \textwidth=486.91013pt
* \textheight=656.0612pt
* \oddsidemargin=1.44614pt
* \evensidemargin=38.30426pt
* \topmargin=50.58878pt
* \headheight=12.0pt
* \headsep=25.0pt
* \footskip=30.0pt
* \marginparwidth=121.0pt
* \marginparsep=11.0pt
* \columnsep=10.0pt
* \skip\footins=9.0pt plus 4.0pt minus 2.0pt
* \hoffset=-28.45274pt
* \voffset=-42.67912pt
* \mag=1000
* \@twocolumnfalse
* \@twosidetrue
* \@mparswitchtrue
* \@reversemarginfalse
* (1in=72.27pt, 1cm=28.453pt)

LaTeX Font Info:    External font `cmex10' loaded for size
(Font)              <12> on input line 69.
LaTeX Font Info:    External font `cmex10' loaded for size
(Font)              <8> on input line 69.
LaTeX Font Info:    External font `cmex10' loaded for size
(Font)              <6> on input line 69.
[1

] (C:\Users\hnebel\Documents\LabPHY125\masterF10.toc [1]
LaTeX Font Info:    External font `cmex10' loaded for size
(Font)              <7> on input line 45.
LaTeX Font Info:    External font `cmex10' loaded for size
(Font)              <5> on input line 45.
)
\tf@toc=\write3
 [2]
(C:\Users\hnebel\Documents\LabPHY125\walking_speed.tex
LaTeX Font Info:    Try loading font information for OMS+cmr on input line 9.

("C:\Program Files\MiKTeX 2.8\tex\latex\base\omscmr.fd"
File: omscmr.fd 1999/05/25 v2.5h Standard LaTeX font definitions
)
LaTeX Font Info:    Font shape `OMS/cmr/m/n' in size <10> not available
(Font)              Font shape `OMS/cmsy/m/n' tried instead on input line 9.
) [3

]
(C:\Users\hnebel\Documents\LabPHY125\measurement.tex
LaTeX Font Info:    External font `cmex10' loaded for size
(Font)              <14.4> on input line 6.
 [4


] [5]) [6]
(C:\Users\hnebel\Documents\LabPHY125\measurement_length.tex
Underfull \vbox (badness 10000) has occurred while \output is active []

 [7


])
[8] (C:\Users\hnebel\Documents\LabPHY125\measurement_uncertainty.tex [9


]
[10] [11]
File: measurement_uncertainty_fig1.eps Graphic file (type eps)
 <measurement_uncertainty_fig1.eps>) [12]
(C:\Users\hnebel\Documents\LabPHY125\position.tex [13


]
File: position_fig1.eps Graphic file (type eps)
 <position_fig1.eps>
File: position_fig1.eps Graphic file (type eps)

<position_fig1.eps>
File: position_fig1.eps Graphic file (type eps)
 <position_fig1.eps> [14]
File: position_fig2.eps Graphic file (type eps)
 <position_fig2.eps>
File: position_fig3.eps Graphic file (type eps)

<position_fig3.eps> [15]
File: position_fig4.eps Graphic file (type eps)
 <position_fig4.eps> [16]
File: position_fig5.eps Graphic file (type eps)
 <position_fig5.eps>
File: position_fig6.eps Graphic file (type eps)

<position_fig6.eps>
File: position_fig7.eps Graphic file (type eps)
 <position_fig7.eps>
File: position_fig8.eps Graphic file (type eps)
 <position_fig8.eps>
File: position_fig9.eps Graphic file (type eps)

<position_fig9.eps> [17]
File: position_fig10.eps Graphic file (type eps)
 <position_fig10.eps>
File: position_fig11.eps Graphic file (type eps)
 <position_fig11.eps>
File: position_fig12.eps Graphic file (type eps)

<position_fig12.eps>
File: position_fig13.eps Graphic file (type eps)
 <position_fig13.eps> [18]
File: position_fig13.eps Graphic file (type eps)
 <position_fig13.eps>
File: position_fig13.eps Graphic file (type eps)

<position_fig13.eps>
File: position_fig13.eps Graphic file (type eps)
 <position_fig13.eps>
File: position_fig13.eps Graphic file (type eps)
 <position_fig13.eps>
Underfull \vbox (badness 10000) has occurred while \output is active []

 [19])
[20] (C:\Users\hnebel\Documents\LabPHY125\velocity.tex
File: velocity_fig1.eps Graphic file (type eps)
 <velocity_fig1.eps>
File: velocity_fig1.eps Graphic file (type eps)

<velocity_fig1.eps> [21


]
File: velocity_fig1.eps Graphic file (type eps)
 <velocity_fig1.eps>
File: velocity_fig2.eps Graphic file (type eps)
 <velocity_fig2.eps>
Underfull \vbox (badness 1629) has occurred while \output is active []

 [22]
File: velocity_fig2.eps Graphic file (type eps)

<velocity_fig2.eps> [23]
File: velocity_fig3.eps Graphic file (type eps)
 <velocity_fig3.eps>
File: velocity_fig4.eps Graphic file (type eps)
 <velocity_fig4.eps>
File: velocity_fig5.eps Graphic file (type eps)

<velocity_fig5.eps>
File: velocity_fig6.eps Graphic file (type eps)
 <velocity_fig6.eps>
File: velocity_fig7.eps Graphic file (type eps)
 <velocity_fig7.eps>
Underfull \vbox (badness 10000) has occurred while \output is active []

 [24]
File: velocity_fig8.eps Graphic file (type eps)

<velocity_fig8.eps>
Underfull \vbox (badness 2020) has occurred while \output is active []

 [25]
File: velocity_fig9.eps Graphic file (type eps)

<velocity_fig9.eps>
File: velocity_fig10.eps Graphic file (type eps)
 <velocity_fig10.eps>
File: velocity_fig11.eps Graphic file (type eps)
 <velocity_fig11.eps>
File: velocity_fig12.eps Graphic file (type eps)

<velocity_fig12.eps>
Underfull \vbox (badness 10000) has occurred while \output is active []

 [26]
File: velocity_fig13.eps Graphic file (type eps)

<velocity_fig13.eps>
File: velocity_fig14.eps Graphic file (type eps)
 <velocity_fig14.eps>
File: velocity_fig15.eps Graphic file (type eps)
 <velocity_fig15.eps>
File: velocity_fig15.eps Graphic file (type eps)

<velocity_fig15.eps> [27]
File: velocity_fig16.eps Graphic file (type eps)
 <velocity_fig16.eps>
File: velocity_fig16.eps Graphic file (type eps)
 <velocity_fig16.eps>) [28]
(C:\Users\hnebel\Documents\LabPHY125\relating.tex
File: relating_fig1.eps Graphic file (type eps)
 <relating_fig1.eps> [29


]
Underfull \vbox (badness 1184) has occurred while \output is active []

 [30]
File: relating_fig2.eps Graphic file (type eps)

<relating_fig2.eps> [31]
File: relating_fig3.eps Graphic file (type eps)
 <relating_fig3.eps>
File: relating_fig4.eps Graphic file (type eps)
 <relating_fig4.eps>
File: relating_fig5.eps Graphic file (type eps)

<relating_fig5.eps>
File: relating_fig6.eps Graphic file (type eps)
 <relating_fig6.eps>
Underfull \vbox (badness 10000) has occurred while \output is active []

 [32])
[33] (C:\Users\hnebel\Documents\LabPHY125\changing.tex
File: changing_fig1.eps Graphic file (type eps)
 <changing_fig1.eps>
[34


]
File: changing_fig2.eps Graphic file (type eps)
 <changing_fig2.eps> [35]
File: changing_fig3.eps Graphic file (type eps)
 <changing_fig3.eps> [36]
File: changing_fig1.eps Graphic file (type eps)
 <changing_fig1.eps>
File: changing_fig2.eps Graphic file (type eps)

<changing_fig2.eps>
Underfull \vbox (badness 10000) has occurred while \output is active []

 [37]
[38]
File: changing_fig4.eps Graphic file (type eps)
 <changing_fig4.eps>
Underfull \vbox (badness 3482) has occurred while \output is active []

 [39]
File: changing_fig5.eps Graphic file (type eps)

<changing_fig5.eps>
Underfull \vbox (badness 10000) has occurred while \output is active []

 [40]
File: changing_fig5.eps Graphic file (type eps)

<changing_fig5.eps>
Underfull \vbox (badness 10000) has occurred while \output is active []

 [41]
File: changing_fig6.eps Graphic file (type eps)

<changing_fig6.eps> [42]
File: changing_fig7.eps Graphic file (type eps)
 <changing_fig7.eps>
File: changing_fig8.eps Graphic file (type eps)
 <changing_fig8.eps>
File: changing_fig9.eps Graphic file (type eps)

<changing_fig9.eps>
Underfull \vbox (badness 10000) has occurred while \output is active []

 [43]
File: changing_fig10.eps Graphic file (type eps)

<changing_fig10.eps>
File: changing_fig11.eps Graphic file (type eps)
 <changing_fig11.eps> [44]
File: changing_fig12.eps Graphic file (type eps)
 <changing_fig12.eps>
File: changing_fig12.eps Graphic file (type eps)

<changing_fig12.eps>
File: changing_fig12.eps Graphic file (type eps)
 <changing_fig12.eps>
Underfull \vbox (badness 10000) has occurred while \output is active []

 [45]
File: changing_fig12.eps Graphic file (type eps)

<changing_fig12.eps>) [46] (C:\Users\hnebel\Documents\LabPHY125\slowing.tex
File: slowing_fig1.eps Graphic file (type eps)

<slowing_fig1.eps> [47


] [48]
File: slowing_fig2.eps Graphic file (type eps)
 <slowing_fig2.eps>
File: slowing_fig1.eps Graphic file (type eps)
 <slowing_fig1.eps>
Underfull \vbox (badness 10000) has occurred while \output is active []

 [49]
[50]
File: slowing_fig3.eps Graphic file (type eps)
 <slowing_fig3.eps>
File: slowing_fig4.eps Graphic file (type eps)
 <slowing_fig4.eps> [51]
File: slowing_fig5.eps Graphic file (type eps)
 <slowing_fig5.eps> [52]
[53]
File: slowing_fig6.eps Graphic file (type eps)
 <slowing_fig6.eps>
File: slowing_fig7.eps Graphic file (type eps)
 <slowing_fig7.eps>
File: slowing_fig8.eps Graphic file (type eps)
 <slowing_fig8.eps>
Underfull \vbox (badness 10000) has occurred while \output is active []

 [54]
File: slowing_fig9.eps Graphic file (type eps)

<slowing_fig9.eps>
File: slowing_fig10.eps Graphic file (type eps)
 <slowing_fig10.eps> [55]
File: slowing_fig11.eps Graphic file (type eps)
 <slowing_fig11.eps>
File: slowing_fig12.eps Graphic file (type eps)

<slowing_fig12.eps>
File: slowing_fig13.eps Graphic file (type eps)
 <slowing_fig13.eps> [56]
File: slowing_fig14.eps Graphic file (type eps)
 <slowing_fig14.eps>
File: slowing_fig15.eps Graphic file (type eps)

<slowing_fig15.eps>
File: slowing_fig15.eps Graphic file (type eps)
 <slowing_fig15.eps> [57]
File: slowing_fig15.eps Graphic file (type eps)
 <slowing_fig15.eps>
File: slowing_fig16.eps Graphic file (type eps)

<slowing_fig16.eps>
File: slowing_fig16.eps Graphic file (type eps)
 <slowing_fig16.eps>
File: slowing_fig16.eps Graphic file (type eps)
 <slowing_fig16.eps> [58]
File: slowing_fig17.eps Graphic file (type eps)

<slowing_fig17.eps>
Overfull \hbox (42.06612pt too wide) in paragraph at lines 489--489
 [][] 
 []

) [59] (C:\Users\hnebel\Documents\LabPHY125\grav_freefall.tex [60


] [61]
[62]) [63] (C:\Users\hnebel\Documents\LabPHY125\projectile.tex [64


] [65])
[66] (C:\Users\hnebel\Documents\LabPHY125\force1.tex [67


]
File: force1_fig1.eps Graphic file (type eps)
 <force1_fig1.eps>
File: force1_fig2.eps Graphic file (type eps)

<force1_fig2.eps>
Underfull \vbox (badness 10000) has occurred while \output is active []

 [68]
[69]
File: force1_fig3.eps Graphic file (type eps)
 <force1_fig3.eps> [70]
File: force1_fig4.eps Graphic file (type eps)
 <force1_fig4.eps>
File: force1_fig5.eps Graphic file (type eps)
 <force1_fig5.eps> [71]
File: force1_fig5.eps Graphic file (type eps)

<force1_fig5.eps>
Underfull \vbox (badness 10000) has occurred while \output is active []

 [72]
Underfull \vbox (badness 10000) has occurred while \output is active []

 [73]
[74]
File: force1_fig6.eps Graphic file (type eps)
 <force1_fig6.eps>
File: force1_fig7.eps Graphic file (type eps)
 <force1_fig7.eps>
File: force1_fig8.eps Graphic file (type eps)
 <force1_fig8.eps>
File: force1_fig9.eps Graphic file (type eps)
 <force1_fig9.eps>
[75]
File: force1_fig10.eps Graphic file (type eps)
 <force1_fig10.eps>
File: force1_fig10.eps Graphic file (type eps)
 <force1_fig10.eps>
File: force1_fig10.eps Graphic file (type eps)
 <force1_fig10.eps> [76]
File: force1_fig11.eps Graphic file (type eps)

<force1_fig11.eps>
File: force1_fig9.eps Graphic file (type eps)
 <force1_fig9.eps>
File: force1_fig12.eps Graphic file (type eps)
 <force1_fig12.eps>
Underfull \vbox (badness 10000) has occurred while \output is active []

 [77]
File: force1_fig9.eps Graphic file (type eps)

<force1_fig9.eps>) [78] (C:\Users\hnebel\Documents\LabPHY125\force2.tex
File: force2_fig1.eps Graphic file (type eps)

<force2_fig1.eps> [79


]
File: force2_fig2.eps Graphic file (type eps)
 <force2_fig2.eps>
File: force2_fig3.eps Graphic file (type eps)
 <force2_fig3.eps> [80]
File: force2_fig4.eps Graphic file (type eps)

<force2_fig4.eps> [81]
File: force2_fig5.eps Graphic file (type eps)
 <force2_fig5.eps> [82]
File: force2_fig6.eps Graphic file (type eps)
 <force2_fig6.eps>
File: force2_fig7.eps Graphic file (type eps)

<force2_fig7.eps>
File: force2_fig7.eps Graphic file (type eps)
 <force2_fig7.eps>
Underfull \vbox (badness 1533) has occurred while \output is active []

 [83]
File: force2_fig7.eps Graphic file (type eps)

<force2_fig7.eps>
File: force2_fig7.eps Graphic file (type eps)
 <force2_fig7.eps>
File: force2_fig7.eps Graphic file (type eps)
 <force2_fig7.eps>
File: force2_fig7.eps Graphic file (type eps)
 <force2_fig7.eps>
[84]
File: force2_fig8.eps Graphic file (type eps)
 <force2_fig8.eps>
File: force2_fig9.eps Graphic file (type eps)
 <force2_fig9.eps>
Underfull \vbox (badness 7925) has occurred while \output is active []

 [85]
File: force2_fig6.eps Graphic file (type eps)

<force2_fig6.eps>
File: force2_fig10.eps Graphic file (type eps)
 <force2_fig10.eps>) [86]
(C:\Users\hnebel\Documents\LabPHY125\newton.tex
File: newton_fig1.eps Graphic file (type eps)
 <newton_fig1.eps> [87


]
File: newton_fig2.eps Graphic file (type eps)

<newton_fig2.eps>
File: newton_fig3.eps Graphic file (type eps)
 <newton_fig3.eps>
File: newton_fig4.eps Graphic file (type eps)
 <newton_fig4.eps> [88]
File: newton_fig5.eps Graphic file (type eps)
 <newton_fig5.eps>
Underfull \vbox (badness 10000) has occurred while \output is active []

 [89]
File: newton_fig6.eps Graphic file (type eps)

<newton_fig6.eps> [90]
File: newton_fig7.eps Graphic file (type eps)
 <newton_fig7.eps>
File: newton_fig8.eps Graphic file (type eps)
 <newton_fig8.eps>
Underfull \vbox (badness 10000) has occurred while \output is active []

 [91]
File: newton_fig9.eps Graphic file (type eps)

<newton_fig9.eps> [92]
File: newton_fig10.eps Graphic file (type eps)
 <newton_fig10.eps>) [93]
(C:\Users\hnebel\Documents\LabPHY125\elec_grav.tex
File: elec_grav_fig1.eps Graphic file (type eps)
 <elec_grav_fig1.eps>
File: elec_grav_fig2.eps Graphic file (type eps)

<elec_grav_fig2.eps>
Underfull \vbox (badness 5504) has occurred while \output is active []

 [94


]
File: elec_grav_fig3.eps Graphic file (type eps)

<elec_grav_fig3.eps>
File: elec_grav_fig4.eps Graphic file (type eps)
 <elec_grav_fig4.eps>
Underfull \vbox (badness 10000) has occurred while \output is active []

 [95]
[96]
Underfull \vbox (badness 3000) has occurred while \output is active []

 [97])
[98] (C:\Users\hnebel\Documents\LabPHY125\centripetal.tex
File: centripetal_fig1.eps Graphic file (type eps)

<centripetal_fig1.eps>
File: centripetal_fig2.eps Graphic file (type eps)
 <centripetal_fig2.eps> [99


]
File: circ_motion_fig1.eps Graphic file (type eps)
 <circ_motion_fig1.eps>
Underfull \vbox (badness 10000) has occurred while \output is active []

 [100]
File: circ_motion_fig2.eps Graphic file (type eps)

<circ_motion_fig2.eps> [101] [102]
File: circ_motion_fig3.eps Graphic file (type eps)
 <circ_motion_fig3.eps> [103] [104]
Underfull \hbox (badness 10000) in paragraph at lines 353--358

 []


Underfull \hbox (badness 10000) in paragraph at lines 359--368

 []


Underfull \hbox (badness 10000) in paragraph at lines 359--368

 []

[105]) [106] (C:\Users\hnebel\Documents\LabPHY125\work_power.tex
File: work_power_fig1.eps Graphic file (type eps)

<work_power_fig1.eps>
File: work_power_fig2.eps Graphic file (type eps)
 <work_power_fig2.eps> [107


] [108]
File: work_power_fig3.eps Graphic file (type eps)
 <work_power_fig3.eps>
File: work_power_fig4.eps Graphic file (type eps)

<work_power_fig4.eps>
File: work_power_fig5.eps Graphic file (type eps)
 <work_power_fig5.eps> [109]
File: work_power_fig6.eps Graphic file (type eps)
 <work_power_fig6.eps>
[110]
Underfull \vbox (badness 1365) has occurred while \output is active []

 [111])
[112] (C:\Users\hnebel\Documents\LabPHY125\conservation_mech.tex [113


] [114])
[115] (C:\Users\hnebel\Documents\LabPHY125\momentum.tex
File: momentum_fig1.eps Graphic file (type eps)
 <momentum_fig1.eps>
[116


] [117] [118] [119]
File: momentum_fig2.eps Graphic file (type eps)
 <momentum_fig2.eps>
Underfull \vbox (badness 10000) has occurred while \output is active []

 [120]
File: momentum_fig3.eps Graphic file (type eps)

<momentum_fig3.eps>) [121] (C:\Users\hnebel\Documents\LabPHY125\rotation.tex
File: rotation_fig1.eps Graphic file (type eps)

<rotation_fig1.eps> [122


]
File: rotation_fig3.eps Graphic file (type eps)
 <rotation_fig3.eps>
File: rotation_fig4.eps Graphic file (type eps)
 <rotation_fig4.eps>
File: rotation_fig5.eps Graphic file (type eps)

<rotation_fig5.eps> [123]
File: rotation_fig6.eps Graphic file (type eps)
 <rotation_fig6.eps> [124]
File: rotation_fig7.eps Graphic file (type eps)
 <rotation_fig7.eps>
[125]
File: rotation_fig8.eps Graphic file (type eps)
 <rotation_fig8.eps>
Underfull \vbox (badness 10000) has occurred while \output is active []

 [126]
File: rotation_fig9.eps Graphic file (type eps)

<rotation_fig9.eps> [127]) [128]
(C:\Users\hnebel\Documents\LabPHY125\cons_ang_mom.tex [129


] [130]) [131]
(C:\Users\hnebel\Documents\LabPHY125\hooke.tex
Underfull \hbox (badness 10000) in paragraph at lines 14--15

 []

[132


]) [133] (C:\Users\hnebel\Documents\LabPHY125\periodic_motion.tex
File: periodic_motion_fig1.eps Graphic file (type eps)

<periodic_motion_fig1.eps>
Underfull \vbox (badness 1360) has occurred while \output is active []

 [134


]
[135]
Underfull \vbox (badness 1817) has occurred while \output is active []

 [136]
File: periodic_motion_fig2.eps Graphic file (type eps)

<periodic_motion_fig2.eps>
File: periodic_motion_fig3.eps Graphic file (type eps)
 <periodic_motion_fig3.eps>
Underfull \vbox (badness 6641) has occurred while \output is active []

 [137]
Underfull \vbox (badness 10000) has occurred while \output is active []

 [138]
[139]) [140] (C:\Users\hnebel\Documents\LabPHY125\pendulum_period.tex
Underfull \hbox (badness 10000) in paragraph at lines 18--19

 []

[141


]) [142] (C:\Users\hnebel\Documents\LabPHY125\resonance_tubes.tex
Underfull \hbox (badness 10000) in paragraph at lines 22--23

 []

LaTeX Font Info:    External font `cmex10' loaded for size
(Font)              <9> on input line 24.

Underfull \hbox (badness 10000) in paragraph at lines 24--25

 []

[143


]) [144] (C:\Users\hnebel\Documents\LabPHY125\heat_temp_int_energy.tex
File: heat_temp_int_energy_fig_1.eps Graphic file (type eps)

<heat_temp_int_energy_fig_1.eps> [145


]) [146]
(C:\Users\hnebel\Documents\LabPHY125\calorimetry.tex
File: calorimetry_fig_1.eps Graphic file (type eps)
 <calorimetry_fig_1.eps>
Underfull \vbox (badness 1810) has occurred while \output is active []

 [147


]
[148] [149] [150]) [151] (C:\Users\hnebel\Documents\LabPHY125\boyles_law.tex
File: boyleslawfig1.eps Graphic file (type eps)

<boyleslawfig1.eps> [152


]
Underfull \vbox (badness 10000) has occurred while \output is active []

 [153]
File: boyleslawfig2.eps Graphic file (type eps)

<boyleslawfig2.eps>
Underfull \vbox (badness 10000) has occurred while \output is active []

 [154])
[155] (C:\Users\hnebel\Documents\LabPHY125\charles_law.tex
File: charles_law_fig1.eps Graphic file (type eps)

<charles_law_fig1.eps> [156


]
Overfull \hbox (11.01068pt too wide) in paragraph at lines 105--183
 [][] 
 []


Overfull \hbox (11.01068pt too wide) in paragraph at lines 197--275
 [][] 
 []

[157]) [158] (C:\Users\hnebel\Documents\LabPHY125\P-T.tex
File: P-T_fig1b.eps Graphic file (type eps)
 <P-T_fig1b.eps>
[159


]) [160] (C:\Users\hnebel\Documents\LabPHY125\electrostatics.tex [161


]
[162] [163]) [164] (C:\Users\hnebel\Documents\LabPHY125\ef_equipot_lines.tex
File: ef_equipot_lines_fig_1.eps Graphic file (type eps)

<ef_equipot_lines_fig_1.eps>
File: ef_equipot_lines_fig_2.eps Graphic file (type eps)
 <ef_equipot_lines_fig_2.eps> [165


]
File: ef_equipot_lines_fig_3.eps Graphic file (type eps)

<ef_equipot_lines_fig_3.eps> [166]) [167]
(C:\Users\hnebel\Documents\LabPHY125\ohms_law.tex
File: ohms_law_fig_1.eps Graphic file (type eps)
 <ohms_law_fig_1.eps> [168


]
[169] [170]
File: ohms_law_fig_2b.eps Graphic file (type eps)
 <ohms_law_fig_2b.eps> [171]) [172]
(C:\Users\hnebel\Documents\LabPHY125\magnetism_1.tex [173


] [174]) [175]
(C:\Users\hnebel\Documents\LabPHY125\magnetism_2.tex
File: magnetism_2_fig_1.eps Graphic file (type eps)
 <magnetism_2_fig_1.eps>
[176


]
File: magnetism_2_fig_2.eps Graphic file (type eps)
 <magnetism_2_fig_2.eps>
Underfull \vbox (badness 1082) has occurred while \output is active []

 [177]
File: magnetism_2_fig_3.eps Graphic file (type eps)

<magnetism_2_fig_3.eps>) [178]
(C:\Users\hnebel\Documents\LabPHY125\refraction_of_light.tex
File: refraction_of_light_fig_1.eps Graphic file (type eps)

<refraction_of_light_fig_1.eps> [179


] [180]) [181]
(C:\Users\hnebel\Documents\LabPHY125\refraction_at_spherical_surfaces.tex
[182


] [183]) [184] (C:\Users\hnebel\Documents\LabPHY125\diffraction_grating.tex) [1
85


] (C:\Users\hnebel\Documents\LabPHY125\hydrogen.tex [186


]) [187]
(C:\Users\hnebel\Documents\LabPHY125\twins_paradox.tex [188


] [189]) [190]
(C:\Users\hnebel\Documents\LabPHY125\treatment_data.tex [191


]) [192]
(C:\Users\hnebel\Documents\LabPHY125\datastudio.tex
File: datastudio_fig1.eps Graphic file (type eps)
 <datastudio_fig1.eps>
[193


]) [194] (C:\Users\hnebel\Documents\LabPHY125\excel.tex
File: excelfigs/excelwindow.eps Graphic file (type eps)

<excelfigs/excelwindow.eps>
LaTeX Font Info:    Try loading font information for T1+cmtt on input line 32.

("C:\Program Files\MiKTeX 2.8\tex\latex\base\t1cmtt.fd"
File: t1cmtt.fd 1999/05/25 v2.5h Standard LaTeX font definitions
)
File: excelfigs/scatterplot.eps Graphic file (type eps)

<excelfigs/scatterplot.eps> [195


]
File: excelfigs/histf1.eps Graphic file (type eps)
 <excelfigs/histf1.eps>
File: excelfigs/histf2.eps Graphic file (type eps)

<excelfigs/histf2.eps>
File: excelfigs/histf3.eps Graphic file (type eps)
 <excelfigs/histf3.eps>
File: excelfigs/histf4.eps Graphic file (type eps)
 <excelfigs/histf4.eps>) [196]
[197] (C:\Users\hnebel\Documents\LabPHY125\video_analysis.tex
Overfull \hbox (10.01775pt too wide) in paragraph at lines 81--89
[]\T1/cmr/m/n/10 Start up \T1/cmr/m/it/10 Video-point \T1/cmr/m/n/10 by go-ing 
to \T1/cmtt/m/n/10 Start $\OMS/cmsy/m/n/10 !$ \T1/cmtt/m/n/10 Programs $\OMS/cm
sy/m/n/10 !$ \T1/cmtt/m/n/10 Physics Applications $\OMS/cmsy/m/n/10 !$ \T1/cmtt
/m/n/10 VideoPoint $\OMS/cmsy/m/n/10 !$ \T1/cmtt/m/n/10 VideoPoint
 []

[198


]) [199] (C:\Users\hnebel\Documents\LabPHY125\instrumentation.tex [200


]
File: instrumentation_fig1.eps Graphic file (type eps)

<instrumentation_fig1.eps> [201] [202]) [203]
(C:\Users\hnebel\Documents\LabPHY125\masterF10.aux
(C:\Users\hnebel\Documents\LabPHY125\walking_speed.aux)
(C:\Users\hnebel\Documents\LabPHY125\measurement.aux)
(C:\Users\hnebel\Documents\LabPHY125\measurement_length.aux)
(C:\Users\hnebel\Documents\LabPHY125\measurement_uncertainty.aux)
(C:\Users\hnebel\Documents\LabPHY125\position.aux)
(C:\Users\hnebel\Documents\LabPHY125\velocity.aux)
(C:\Users\hnebel\Documents\LabPHY125\relating.aux)
(C:\Users\hnebel\Documents\LabPHY125\changing.aux)
(C:\Users\hnebel\Documents\LabPHY125\slowing.aux)
(C:\Users\hnebel\Documents\LabPHY125\grav_freefall.aux)
(C:\Users\hnebel\Documents\LabPHY125\projectile.aux)
(C:\Users\hnebel\Documents\LabPHY125\force1.aux)
(C:\Users\hnebel\Documents\LabPHY125\force2.aux)
(C:\Users\hnebel\Documents\LabPHY125\newton.aux)
(C:\Users\hnebel\Documents\LabPHY125\elec_grav.aux)
(C:\Users\hnebel\Documents\LabPHY125\centripetal.aux)
(C:\Users\hnebel\Documents\LabPHY125\work_power.aux)
(C:\Users\hnebel\Documents\LabPHY125\conservation_mech.aux)
(C:\Users\hnebel\Documents\LabPHY125\momentum.aux)
(C:\Users\hnebel\Documents\LabPHY125\rotation.aux)
(C:\Users\hnebel\Documents\LabPHY125\cons_ang_mom.aux)
(C:\Users\hnebel\Documents\LabPHY125\hooke.aux)
(C:\Users\hnebel\Documents\LabPHY125\periodic_motion.aux)
(C:\Users\hnebel\Documents\LabPHY125\pendulum_period.aux)
(C:\Users\hnebel\Documents\LabPHY125\resonance_tubes.aux)
(C:\Users\hnebel\Documents\LabPHY125\heat_temp_int_energy.aux)
(C:\Users\hnebel\Documents\LabPHY125\calorimetry.aux)
(C:\Users\hnebel\Documents\LabPHY125\boyles_law.aux)
(C:\Users\hnebel\Documents\LabPHY125\charles_law.aux)
(C:\Users\hnebel\Documents\LabPHY125\P-T.aux)
(C:\Users\hnebel\Documents\LabPHY125\electrostatics.aux)
(C:\Users\hnebel\Documents\LabPHY125\ef_equipot_lines.aux)
(C:\Users\hnebel\Documents\LabPHY125\ohms_law.aux)
(C:\Users\hnebel\Documents\LabPHY125\magnetism_1.aux)
(C:\Users\hnebel\Documents\LabPHY125\magnetism_2.aux)
(C:\Users\hnebel\Documents\LabPHY125\refraction_of_light.aux)
(C:\Users\hnebel\Documents\LabPHY125\refraction_at_spherical_surfaces.aux)
(C:\Users\hnebel\Documents\LabPHY125\diffraction_grating.aux)
(C:\Users\hnebel\Documents\LabPHY125\hydrogen.aux)
(C:\Users\hnebel\Documents\LabPHY125\twins_paradox.aux)
(C:\Users\hnebel\Documents\LabPHY125\treatment_data.aux)
(C:\Users\hnebel\Documents\LabPHY125\datastudio.aux)
(C:\Users\hnebel\Documents\LabPHY125\excel.aux)
(C:\Users\hnebel\Documents\LabPHY125\video_analysis.aux)
(C:\Users\hnebel\Documents\LabPHY125\instrumentation.aux)) ) 
Here is how much of TeX's memory you used:
 2403 strings out of 495286
 42092 string characters out of 3180414
 101404 words of memory out of 3000000
 5131 multiletter control sequences out of 15000+200000
 21329 words of font info for 51 fonts, out of 3000000 for 9000
 14 hyphenation exceptions out of 8191
 33i,11n,43p,882b,331s stack positions out of 5000i,500n,10000p,200000b,50000s

Output written on masterF10.dvi (204 pages, 479696 bytes).
