This is XeTeX, Version 3.14159265-2.6-0.99992 (MiKTeX 2.9 64-bit) (preloaded format=xelatex 2016.5.11)  13 MAR 2017 16:55
entering extended mode
**./master.tex
(master.tex
LaTeX2e <2015/10/01> patch level 2
Babel <3.9n> and hyphenation patterns for 69 languages loaded.
("C:\Program Files\MiKTeX 2.9\tex\latex\base\article.cls"
Document Class: article 2014/09/29 v1.4h Standard LaTeX document class
("C:\Program Files\MiKTeX 2.9\tex\latex\base\size10.clo"
File: size10.clo 2014/09/29 v1.4h Standard LaTeX file (size option)
)
\c@part=\count79
\c@section=\count80
\c@subsection=\count81
\c@subsubsection=\count82
\c@paragraph=\count83
\c@subparagraph=\count84
\c@figure=\count85
\c@table=\count86
\abovecaptionskip=\skip41
\belowcaptionskip=\skip42
\bibindent=\dimen102
)
("C:\Program Files\MiKTeX 2.9\tex\latex\base\fontenc.sty"
Package: fontenc 2005/09/27 v1.99g Standard LaTeX package

("C:\Program Files\MiKTeX 2.9\tex\latex\base\t1enc.def"
File: t1enc.def 2005/09/27 v1.99g Standard LaTeX file
LaTeX Font Info:    Redeclaring font encoding T1 on input line 48.
)
Requested font "ecrm1000" at 10.0pt
)
("C:\Program Files\MiKTeX 2.9\tex\latex\geometry\geometry.sty"
Package: geometry 2010/09/12 v5.6 Page Geometry

("C:\Program Files\MiKTeX 2.9\tex\latex\graphics\keyval.sty"
Package: keyval 2014/10/28 v1.15 key=value parser (DPC)
\KV@toks@=\toks14
)
("C:\Program Files\MiKTeX 2.9\tex\generic\oberdiek\ifpdf.sty"
Package: ifpdf 2011/01/30 v2.3 Provides the ifpdf switch (HO)
Package ifpdf Info: pdfTeX in PDF mode is not detected.
)
("C:\Program Files\MiKTeX 2.9\tex\generic\oberdiek\ifvtex.sty"
Package: ifvtex 2010/03/01 v1.5 Detect VTeX and its facilities (HO)
Package ifvtex Info: VTeX not detected.
)
("C:\Program Files\MiKTeX 2.9\tex\generic\ifxetex\ifxetex.sty"
Package: ifxetex 2010/09/12 v0.6 Provides ifxetex conditional
)
\Gm@cnth=\count87
\Gm@cntv=\count88
\c@Gm@tempcnt=\count89
\Gm@bindingoffset=\dimen103
\Gm@wd@mp=\dimen104
\Gm@odd@mp=\dimen105
\Gm@even@mp=\dimen106
\Gm@layoutwidth=\dimen107
\Gm@layoutheight=\dimen108
\Gm@layouthoffset=\dimen109
\Gm@layoutvoffset=\dimen110
\Gm@dimlist=\toks15

("C:\Program Files\MiKTeX 2.9\tex\xelatex\xetexconfig\geometry.cfg"))
(fancyhdr.sty
\fancy@headwidth=\skip43
\f@ncyO@elh=\skip44
\f@ncyO@erh=\skip45
\f@ncyO@olh=\skip46
\f@ncyO@orh=\skip47
\f@ncyO@elf=\skip48
\f@ncyO@erf=\skip49
\f@ncyO@olf=\skip50
\f@ncyO@orf=\skip51
) ("C:\Program Files\MiKTeX 2.9\tex\generic\babel\babel.sty"
Package: babel 2016/01/08 3.9n The Babel package

*************************************
* Local config file bblopts.cfg used
*
("C:\Program Files\MiKTeX 2.9\tex\latex\00miktex\bblopts.cfg"
File: bblopts.cfg 2006/07/31 v1.0 MiKTeX 'babel' configuration
)
("C:\Program Files\MiKTeX 2.9\tex\latex\babel-english\english.ldf"
Language: english 2012/08/20 v3.3p English support from the babel system

("C:\Program Files\MiKTeX 2.9\tex\generic\babel\babel.def"
File: babel.def 2016/01/08 3.9n Babel common definitions
\babel@savecnt=\count90
\U@D=\dimen111

("C:\Program Files\MiKTeX 2.9\tex\generic\babel\xebabel.def"))
\l@canadian = a dialect from \language\l@american 
\l@australian = a dialect from \language\l@british 
\l@newzealand = a dialect from \language\l@british 
))
("C:\Program Files\MiKTeX 2.9\tex\latex\graphics\graphicx.sty"
Package: graphicx 2014/10/28 v1.0g Enhanced LaTeX Graphics (DPC,SPQR)

("C:\Program Files\MiKTeX 2.9\tex\latex\graphics\graphics.sty"
Package: graphics 2014/10/28 v1.0p Standard LaTeX Graphics (DPC,SPQR)

("C:\Program Files\MiKTeX 2.9\tex\latex\graphics\trig.sty"
Package: trig 1999/03/16 v1.09 sin cos tan (DPC)
)
("C:\Program Files\MiKTeX 2.9\tex\latex\00miktex\graphics.cfg"
File: graphics.cfg 2007/01/18 v1.5 graphics configuration of teTeX/TeXLive
)
Package graphics Info: Driver file: xetex.def on input line 94.

(C:\Users\mtrawick\AppData\Roaming\MiKTeX\2.9\tex\xelatex\xetex-def\xetex.def
File: xetex.def 2016/04/06 v4.08 LaTeX color/graphics driver for XeTeX (TeX Liv
e/RRM/JK)

("C:\Program Files\MiKTeX 2.9\tex\generic\oberdiek\infwarerr.sty"
Package: infwarerr 2010/04/08 v1.3 Providing info/warning/error messages (HO)
)
("C:\Program Files\MiKTeX 2.9\tex\generic\oberdiek\ltxcmds.sty"
Package: ltxcmds 2011/11/09 v1.22 LaTeX kernel commands for general use (HO)
)))
\Gin@req@height=\dimen112
\Gin@req@width=\dimen113
) (master.aux (measuring.aux) (measurement.aux) (position.aux) (velocity.aux) (
relating.aux) (changing.aux) (slowing.aux) (grav_freefall.aux) (force1.aux) (ne
wton.aux)
(friction.aux) (elec_grav.aux) (momentum.aux) (work_power.aux)
(work_kinetic.aux) (conservation_mech.aux) (hooke.aux) (periodic_motion.aux)
(pendulum_period.aux) (heat_temp_int_energy.aux) (boyles_law.aux)
(calorimetry.aux) (Standing_waves_strings.aux) (resonance_tubes.aux)
(electrostatics.aux) (EF_EP_1.aux) (EF_EP_2.aux) (ohms_law.aux)
(magnetism_1.aux) (magnetism_2.aux) (magnetism_3.aux) (magnetic_field_earth.aux
) (electromagnetic_induction.aux) (induction2.aux) (refraction_of_light.aux)
(refraction_at_spherical_surfaces.aux) (interference_of_light.aux)
(diffraction2.aux) (diffraction_grating.aux) (hydrogen.aux) (treatment_data.aux
) (datastudio.aux) (excel.aux) (video_analysis.aux) (video_analysis_tracker.aux
) (instrumentation.aux))
\openout1 = `master.aux'.

LaTeX Font Info:    Checking defaults for OML/cmm/m/it on input line 57.
LaTeX Font Info:    ... okay on input line 57.
LaTeX Font Info:    Checking defaults for T1/cmr/m/n on input line 57.
LaTeX Font Info:    ... okay on input line 57.
LaTeX Font Info:    Checking defaults for OT1/cmr/m/n on input line 57.
LaTeX Font Info:    ... okay on input line 57.
LaTeX Font Info:    Checking defaults for OMS/cmsy/m/n on input line 57.
LaTeX Font Info:    ... okay on input line 57.
LaTeX Font Info:    Checking defaults for OMX/cmex/m/n on input line 57.
LaTeX Font Info:    ... okay on input line 57.
LaTeX Font Info:    Checking defaults for U/cmr/m/n on input line 57.
LaTeX Font Info:    ... okay on input line 57.

*geometry* detected driver: pdftex

Package geometry Warning: The marginal notes overrun the paper.
     Add 21.42575pt and more to the right margin.

*geometry* verbose mode - [ preamble ] result:
* driver: pdftex
* paper: letterpaper
* layout: <same size as paper>
* layoutoffset:(h,v)=(0.0pt,0.0pt)
* modes: twoside 
* h-part:(L,W,R)=(73.71613pt, 430.00462pt, 110.57425pt)
* v-part:(T,H,B)=(95.39737pt, 556.47656pt, 143.09605pt)
* \paperwidth=614.295pt
* \paperheight=794.96999pt
* \textwidth=486.91013pt
* \textheight=656.0612pt
* \oddsidemargin=1.44614pt
* \evensidemargin=38.30426pt
* \topmargin=18.06749pt
* \headheight=12.0pt
* \headsep=25.0pt
* \topskip=10.0pt
* \footskip=30.0pt
* \marginparwidth=121.0pt
* \marginparsep=11.0pt
* \columnsep=10.0pt
* \skip\footins=9.0pt plus 4.0pt minus 2.0pt
* \hoffset=-28.45274pt
* \voffset=-42.67912pt
* \mag=1000
* \@twocolumnfalse
* \@twosidetrue
* \@mparswitchtrue
* \@reversemarginfalse
* (1in=72.27pt=25.4mm, 1cm=28.453pt)

Requested font "ecrm1728" at 17.28pt
Requested font "ecrm1200" at 12.0pt
Requested font "cmr12" at 12.0pt
Requested font "cmr8" at 8.0pt
Requested font "cmr6" at 6.0pt
Requested font "cmmi12" at 12.0pt
Requested font "cmmi8" at 8.0pt
Requested font "cmmi6" at 6.0pt
Requested font "cmsy10" at 12.0pt
Requested font "cmsy8" at 8.0pt
Requested font "cmsy6" at 6.0pt
LaTeX Font Info:    External font `cmex10' loaded for size
(Font)              <12> on input line 70.
LaTeX Font Info:    External font `cmex10' loaded for size
(Font)              <8> on input line 70.
LaTeX Font Info:    External font `cmex10' loaded for size
(Font)              <6> on input line 70.
Requested font "ecrm0900" at 9.0pt
Requested font "ecbx0900" at 9.0pt
[1

]
Requested font "ecrm1440" at 14.4pt
Requested font "ecbx1440" at 14.4pt
 (master.toc
Requested font "ecbx1000" at 10.0pt
Requested font "ecsl1000" at 10.0pt
 [1]
LaTeX Font Info:    External font `cmex10' loaded for size
(Font)              <7> on input line 45.
LaTeX Font Info:    External font `cmex10' loaded for size
(Font)              <5> on input line 45.
)
\tf@toc=\write3
\openout3 = `master.toc'.

 [2]
\openout2 = `measuring.aux'.

 (measuring.tex
Requested font "cmr12" at 14.4pt
Requested font "cmmi12" at 14.4pt
Requested font "cmsy10" at 14.4pt
LaTeX Font Info:    External font `cmex10' loaded for size
(Font)              <14.4> on input line 6.
Requested font "ecrm0800" at 8.0pt
Requested font "ecrm0600" at 6.0pt
LaTeX Font Info:    Try loading font information for OMS+cmr on input line 14.

("C:\Program Files\MiKTeX 2.9\tex\latex\base\omscmr.fd"
File: omscmr.fd 2014/09/29 v2.5h Standard LaTeX font definitions
)
LaTeX Font Info:    Font shape `OMS/cmr/m/n' in size <10> not available
(Font)              Font shape `OMS/cmsy/m/n' tried instead on input line 14.
 [3

]
File: measuring_fig1.eps Graphic file (type eps)

<measuring_fig1.eps>
File: measuring_fig2.eps Graphic file (type eps)
 <measuring_fig2.eps>
Underfull \vbox (badness 10000) has occurred while \output is active []

 [4]
[5]
File: measuring_fig3.eps Graphic file (type eps)
 <measuring_fig3.eps>) [6]
\openout2 = `measurement.aux'.

 (measurement.tex [7


] [8]) [9]
\openout2 = `position.aux'.

 (position.tex
Requested font "ecti1000" at 10.0pt

[10


]
File: position_fig1.eps Graphic file (type eps)
 <position_fig1.eps>
File: position_fig1.eps Graphic file (type eps)
 <position_fig1.eps>
File: position_fig1.eps Graphic file (type eps)
 <position_fig1.eps> [11]
File: position_fig2.eps Graphic file (type eps)

<position_fig2.eps>
File: position_fig3.eps Graphic file (type eps)
 <position_fig3.eps> [12]
File: position_fig4.eps Graphic file (type eps)
 <position_fig4.eps> [13]
File: position_fig5.eps Graphic file (type eps)

<position_fig5.eps>
File: position_fig6.eps Graphic file (type eps)
 <position_fig6.eps>
File: position_fig7.eps Graphic file (type eps)
 <position_fig7.eps>
File: position_fig8.eps Graphic file (type eps)

<position_fig8.eps>
File: position_fig9.eps Graphic file (type eps)
 <position_fig9.eps> [14]
File: position_fig10.eps Graphic file (type eps)
 <position_fig10.eps>
File: position_fig11.eps Graphic file (type eps)

<position_fig11.eps>
File: position_fig12.eps Graphic file (type eps)
 <position_fig12.eps>
File: position_fig13.eps Graphic file (type eps)
 <position_fig13.eps> [15]
File: position_fig13.eps Graphic file (type eps)

<position_fig13.eps>
File: position_fig13.eps Graphic file (type eps)
 <position_fig13.eps>
File: position_fig13.eps Graphic file (type eps)
 <position_fig13.eps>
File: position_fig13.eps Graphic file (type eps)

<position_fig13.eps>
Underfull \vbox (badness 10000) has occurred while \output is active []

 [16])
[17]
\openout2 = `velocity.aux'.

 (velocity.tex
File: velocity_fig1.eps Graphic file (type eps)
 <velocity_fig1.eps>
File: velocity_fig1.eps Graphic file (type eps)
 <velocity_fig1.eps> [18


]
File: velocity_fig1.eps Graphic file (type eps)

<velocity_fig1.eps>
File: velocity_fig2.eps Graphic file (type eps)
 <velocity_fig2.eps>
Underfull \vbox (badness 1629) has occurred while \output is active []

 [19]
File: velocity_fig2.eps Graphic file (type eps)

<velocity_fig2.eps> [20]
File: velocity_fig3.eps Graphic file (type eps)
 <velocity_fig3.eps>
File: velocity_fig4.eps Graphic file (type eps)
 <velocity_fig4.eps>
File: velocity_fig5.eps Graphic file (type eps)

<velocity_fig5.eps>
File: velocity_fig6.eps Graphic file (type eps)
 <velocity_fig6.eps>
File: velocity_fig7.eps Graphic file (type eps)
 <velocity_fig7.eps>
Underfull \vbox (badness 10000) has occurred while \output is active []

 [21]
File: velocity_fig8.eps Graphic file (type eps)

<velocity_fig8.eps>
Underfull \vbox (badness 2020) has occurred while \output is active []

 [22]
File: velocity_fig9.eps Graphic file (type eps)

<velocity_fig9.eps>
File: velocity_fig10.eps Graphic file (type eps)
 <velocity_fig10.eps>
File: velocity_fig11.eps Graphic file (type eps)
 <velocity_fig11.eps>
File: velocity_fig12.eps Graphic file (type eps)

<velocity_fig12.eps>
Underfull \vbox (badness 10000) has occurred while \output is active []

 [23]
File: velocity_fig13.eps Graphic file (type eps)

<velocity_fig13.eps>
File: velocity_fig14.eps Graphic file (type eps)
 <velocity_fig14.eps>
File: velocity_fig15.eps Graphic file (type eps)
 <velocity_fig15.eps>
File: velocity_fig15.eps Graphic file (type eps)

<velocity_fig15.eps> [24]
File: velocity_fig16.eps Graphic file (type eps)
 <velocity_fig16.eps>
File: velocity_fig16.eps Graphic file (type eps)
 <velocity_fig16.eps>) [25]
\openout2 = `relating.aux'.


(relating.tex
File: relating_fig1.eps Graphic file (type eps)
 <relating_fig1.eps> [26


] [27]
File: relating_fig2.eps Graphic file (type eps)
 <relating_fig2.eps> [28]
File: relating_fig3.eps Graphic file (type eps)

<relating_fig3.eps>
File: relating_fig4.eps Graphic file (type eps)
 <relating_fig4.eps>
File: relating_fig5.eps Graphic file (type eps)
 <relating_fig5.eps>
File: relating_fig6.eps Graphic file (type eps)

<relating_fig6.eps>
Underfull \vbox (badness 10000) has occurred while \output is active []

 [29])
[30]
\openout2 = `changing.aux'.

 (changing.tex
File: changing_fig1.eps Graphic file (type eps)
 <changing_fig1.eps> [31


]
File: changing_fig2.eps Graphic file (type eps)
 <changing_fig2.eps> [32]
File: changing_fig3.eps Graphic file (type eps)

<changing_fig3.eps> [33]
File: changing_fig1.eps Graphic file (type eps)
 <changing_fig1.eps>
File: changing_fig2.eps Graphic file (type eps)
 <changing_fig2.eps>
Underfull \vbox (badness 10000) has occurred while \output is active []

 [34]
[35]
File: changing_fig4.eps Graphic file (type eps)
 <changing_fig4.eps>
Underfull \vbox (badness 3482) has occurred while \output is active []

 [36]
File: changing_fig5.eps Graphic file (type eps)

<changing_fig5.eps>
Underfull \vbox (badness 10000) has occurred while \output is active []

 [37]
File: changing_fig5.eps Graphic file (type eps)

<changing_fig5.eps>
Underfull \vbox (badness 10000) has occurred while \output is active []

 [38]
File: changing_fig6.eps Graphic file (type eps)

<changing_fig6.eps> [39]
File: changing_fig7.eps Graphic file (type eps)
 <changing_fig7.eps>
File: changing_fig8.eps Graphic file (type eps)
 <changing_fig8.eps>
File: changing_fig9.eps Graphic file (type eps)

<changing_fig9.eps>
Underfull \vbox (badness 10000) has occurred while \output is active []

 [40]
File: changing_fig10.eps Graphic file (type eps)

<changing_fig10.eps>
File: changing_fig11.eps Graphic file (type eps)
 <changing_fig11.eps> [41]
File: changing_fig12.eps Graphic file (type eps)
 <changing_fig12.eps>
File: changing_fig12.eps Graphic file (type eps)

<changing_fig12.eps>
File: changing_fig12.eps Graphic file (type eps)
 <changing_fig12.eps>
Underfull \vbox (badness 10000) has occurred while \output is active []

 [42]
File: changing_fig12.eps Graphic file (type eps)

<changing_fig12.eps>) [43]
\openout2 = `slowing.aux'.

 (slowing.tex
File: slowing_fig1.eps Graphic file (type eps)
 <slowing_fig1.eps> [44


] [45]
File: slowing_fig2.eps Graphic file (type eps)

<slowing_fig2.eps>
File: slowing_fig1.eps Graphic file (type eps)
 <slowing_fig1.eps>
Underfull \vbox (badness 10000) has occurred while \output is active []

 [46]
[47]
File: slowing_fig3.eps Graphic file (type eps)
 <slowing_fig3.eps>
File: slowing_fig4.eps Graphic file (type eps)
 <slowing_fig4.eps> [48]
File: slowing_fig5.eps Graphic file (type eps)
 <slowing_fig5.eps> [49]
[50]
File: slowing_fig6.eps Graphic file (type eps)
 <slowing_fig6.eps>
File: slowing_fig7.eps Graphic file (type eps)
 <slowing_fig7.eps>
File: slowing_fig8.eps Graphic file (type eps)
 <slowing_fig8.eps>
Underfull \vbox (badness 8094) has occurred while \output is active []

 [51]
File: slowing_fig9.eps Graphic file (type eps)

<slowing_fig9.eps>
File: slowing_fig10.eps Graphic file (type eps)
 <slowing_fig10.eps> [52]
File: slowing_fig11.eps Graphic file (type eps)
 <slowing_fig11.eps>
File: slowing_fig12.eps Graphic file (type eps)

<slowing_fig12.eps>
File: slowing_fig13.eps Graphic file (type eps)
 <slowing_fig13.eps> [53]
File: slowing_fig14.eps Graphic file (type eps)
 <slowing_fig14.eps>
File: slowing_fig15.eps Graphic file (type eps)

<slowing_fig15.eps>
File: slowing_fig15.eps Graphic file (type eps)
 <slowing_fig15.eps> [54]
File: slowing_fig15.eps Graphic file (type eps)
 <slowing_fig15.eps>
File: slowing_fig16.eps Graphic file (type eps)

<slowing_fig16.eps>
File: slowing_fig16.eps Graphic file (type eps)
 <slowing_fig16.eps>
File: slowing_fig16.eps Graphic file (type eps)
 <slowing_fig16.eps> [55]
File: slowing_fig17.eps Graphic file (type eps)

<slowing_fig17.eps>
Overfull \hbox (42.06612pt too wide) in paragraph at lines 520--520
 [][] 
 []

) [56]
\openout2 = `grav_freefall.aux'.

 (grav_freefall.tex [57


] [58] [59]) [60]
\openout2 = `force1.aux'.

 (force1.tex [61


]
File: force1_fig1.eps Graphic file (type eps)

<force1_fig1.eps>
File: force1_fig2.eps Graphic file (type eps)
 <force1_fig2.eps>
Underfull \vbox (badness 10000) has occurred while \output is active []

 [62]
[63]
LaTeX Font Info:    Try loading font information for T1+cmtt on input line 107.

 ("C:\Program Files\MiKTeX 2.9\tex\latex\base\t1cmtt.fd"
File: t1cmtt.fd 2014/09/29 v2.5h Standard LaTeX font definitions
)
Requested font "ectt1000" at 10.0pt
 [64]
File: force1_fig3.eps Graphic file (type eps)

<force1_fig3.eps> [65]
File: force1_fig4.eps Graphic file (type eps)
 <force1_fig4.eps>
File: force1_fig5.eps Graphic file (type eps)
 <force1_fig5.eps> [66]
File: force1_fig5.eps Graphic file (type eps)

<force1_fig5.eps>
Underfull \vbox (badness 10000) has occurred while \output is active []

 [67]
Underfull \vbox (badness 10000) has occurred while \output is active []

 [68]
[69]
File: force1_fig6.eps Graphic file (type eps)
 <force1_fig6.eps>
File: force1_fig7.eps Graphic file (type eps)
 <force1_fig7.eps>
File: force1_fig8.eps Graphic file (type eps)
 <force1_fig8.eps>
File: force1_fig9.eps Graphic file (type eps)
 <force1_fig9.eps>
[70]
File: force1_fig10.eps Graphic file (type eps)
 <force1_fig10.eps>
File: force1_fig10.eps Graphic file (type eps)
 <force1_fig10.eps>
File: force1_fig10.eps Graphic file (type eps)
 <force1_fig10.eps> [71]
File: force1_fig11.eps Graphic file (type eps)

<force1_fig11.eps>
File: force1_fig9.eps Graphic file (type eps)
 <force1_fig9.eps>
File: force1_fig12.eps Graphic file (type eps)
 <force1_fig12.eps>
Underfull \vbox (badness 10000) has occurred while \output is active []

 [72]
File: force1_fig9.eps Graphic file (type eps)

<force1_fig9.eps>) [73]
\openout2 = `newton.aux'.

 (newton.tex
File: newton_fig1.eps Graphic file (type eps)
 <newton_fig1.eps> [74


]
File: newton_fig2.eps Graphic file (type eps)
 <newton_fig2.eps>
File: newton_fig3.eps Graphic file (type eps)

<newton_fig3.eps>
File: newton_fig4.eps Graphic file (type eps)
 <newton_fig4.eps> [75]
File: newton_fig5.eps Graphic file (type eps)
 <newton_fig5.eps>
Underfull \vbox (badness 10000) has occurred while \output is active []

 [76]
File: newton_fig6.eps Graphic file (type eps)

<newton_fig6.eps> [77]
File: newton_fig7.eps Graphic file (type eps)
 <newton_fig7.eps>
File: newton_fig8.eps Graphic file (type eps)
 <newton_fig8.eps>
Underfull \vbox (badness 10000) has occurred while \output is active []

 [78]
File: newton_fig9.eps Graphic file (type eps)

<newton_fig9.eps> [79]
File: newton_fig10.eps Graphic file (type eps)
 <newton_fig10.eps>
Requested font "cmbx10" at 10.0pt
Requested font "cmbx7" at 7.0pt
Requested font "cmbx5" at 5.0pt
) [80]
\openout2 = `friction.aux'.

 (friction.tex
Requested font "cmbx12" at 14.4pt
Requested font "cmbx8" at 8.0pt
Requested font "cmbx6" at 6.0pt
 [81


] [82]
File: friction_fig1.eps Graphic file (type eps)

<friction_fig1.eps> [83]
File: friction_fig2.eps Graphic file (type eps)
 <friction_fig2.eps>
File: friction_fig3.eps Graphic file (type eps)
 <friction_fig3.eps>
File: friction_fig4.eps Graphic file (type eps)

<friction_fig4.eps>
File: friction_fig4.eps Graphic file (type eps)
 <friction_fig4.eps>
File: friction_fig5.eps Graphic file (type eps)
 <friction_fig5.eps> [84]
File: friction_fig6.eps Graphic file (type eps)

<friction_fig6.eps>
File: friction_fig4.eps Graphic file (type eps)
 <friction_fig4.eps>) [85]
\openout2 = `elec_grav.aux'.

 (elec_grav.tex
File: elec_grav_fig1.eps Graphic file (type eps)

<elec_grav_fig1.eps>
File: elec_grav_fig2.eps Graphic file (type eps)
 <elec_grav_fig2.eps>
Underfull \vbox (badness 5504) has occurred while \output is active []

 [86


]
File: elec_grav_fig3.eps Graphic file (type eps)

<elec_grav_fig3.eps>
File: elec_grav_fig4.eps Graphic file (type eps)
 <elec_grav_fig4.eps>
Underfull \vbox (badness 10000) has occurred while \output is active []

 [87]
[88]
Underfull \vbox (badness 3000) has occurred while \output is active []

 [89])
[90]
\openout2 = `momentum.aux'.

 (momentum.tex
File: momentum_fig1.eps Graphic file (type eps)
 <momentum_fig1.eps> [91


] [92] [93] [94]
File: momentum_fig2.eps Graphic file (type eps)
 <momentum_fig2.eps>
Underfull \vbox (badness 10000) has occurred while \output is active []

 [95]
File: momentum_fig3.eps Graphic file (type eps)

<momentum_fig3.eps>) [96]
\openout2 = `work_power.aux'.

 (work_power.tex
File: work_power_fig1.eps Graphic file (type eps)
 <work_power_fig1.eps>
File: work_power_fig2.eps Graphic file (type eps)

<work_power_fig2.eps> [97


] [98]
File: work_power_fig3.eps Graphic file (type eps)
 <work_power_fig3.eps>
File: work_power_fig4.eps Graphic file (type eps)
 <work_power_fig4.eps>
File: work_power_fig5.eps Graphic file (type eps)

<work_power_fig5.eps> [99]
File: work_power_fig6.eps Graphic file (type eps)
 <work_power_fig6.eps> [100]
Underfull \vbox (badness 1365) has occurred while \output is active []

 [101])
[102]
\openout2 = `work_kinetic.aux'.

 (work_kinetic.tex [103


]
File: work_kinetic_fig1.eps Graphic file (type eps)
 <work_kinetic_fig1.eps>
Underfull \vbox (badness 10000) has occurred while \output is active []

 [104]
File: work_kinetic_fig2.eps Graphic file (type eps)

<work_kinetic_fig2.eps> [105] [106] [107]) [108]
\openout2 = `conservation_mech.aux'.

 (conservation_mech.tex
[109


] [110]) [111]
\openout2 = `hooke.aux'.

 (hooke.tex
Underfull \hbox (badness 10000) in paragraph at lines 14--15

 []

[112


]) [113]
\openout2 = `periodic_motion.aux'.

 (periodic_motion.tex
File: periodic_motion_fig1.eps Graphic file (type eps)
 <periodic_motion_fig1.eps>
Underfull \vbox (badness 1360) has occurred while \output is active []

 [114


]
[115] [116]
File: periodic_motion_fig2.eps Graphic file (type eps)
 <periodic_motion_fig2.eps>
File: periodic_motion_fig3.eps Graphic file (type eps)
 <periodic_motion_fig3.eps>
Underfull \vbox (badness 6641) has occurred while \output is active []

 [117]
Underfull \vbox (badness 10000) has occurred while \output is active []

 [118]
[119]) [120]
\openout2 = `pendulum_period.aux'.

 (pendulum_period.tex
Underfull \hbox (badness 10000) in paragraph at lines 18--19

 []

[121


]) [122]
\openout2 = `heat_temp_int_energy.aux'.

 (heat_temp_int_energy.tex
File: heat_temp_int_energy_fig_1.eps Graphic file (type eps)
 <heat_temp_int_energy_fig_1.eps>
[123


]) [124]
\openout2 = `boyles_law.aux'.

 (boyles_law.tex
File: boyleslawfig1.eps Graphic file (type eps)
 <boyleslawfig1.eps> [125


] [126]) [127]
\openout2 = `calorimetry.aux'.


(calorimetry.tex
File: calorimetry_fig_1.eps Graphic file (type eps)
 <calorimetry_fig_1.eps> [128


] [129]) [130]
\openout2 = `Standing_waves_strings.aux'.


(Standing_waves_strings.tex [131


]
File: Standing_waves_strings_fig1_tb.eps Graphic file (type eps)
 <Standing_waves_strings_fig1_tb.eps>
File: Standing_waves_strings_figure2.eps Graphic file (type eps)

<Standing_waves_strings_figure2.eps> [132]
File: Standing_waves_strings_figure3.eps Graphic file (type eps)

<Standing_waves_strings_figure3.eps> [133] [134] [135]) [136]
\openout2 = `resonance_tubes.aux'.


(resonance_tubes.tex
Underfull \hbox (badness 10000) in paragraph at lines 22--23

 []

Requested font "cmr9" at 9.0pt
Requested font "cmmi9" at 9.0pt
Requested font "cmsy9" at 9.0pt
LaTeX Font Info:    External font `cmex10' loaded for size
(Font)              <9> on input line 24.
Requested font "cmbx9" at 9.0pt
Requested font "ecti0900" at 9.0pt

Underfull \hbox (badness 10000) in paragraph at lines 24--25

 []

[137


]) [138]
\openout2 = `electrostatics.aux'.

 (electrostatics.tex [139


] [140] [141]) [142]
\openout2 = `EF_EP_1.aux'.

 (EF_EP_1.tex
File: emfield1c.eps Graphic file (type eps)

<emfield1c.eps> [143


] [144]
Underfull \vbox (badness 10000) has occurred while \output is active []

 [145])
[146]
\openout2 = `EF_EP_2.aux'.

 (EF_EP_2.tex [147


]
Underfull \vbox (badness 10000) has occurred while \output is active []

 [148])
[149]
\openout2 = `ohms_law.aux'.

 (ohms_law.tex
File: ohms_law_fig_3.eps Graphic file (type eps)
 <ohms_law_fig_3.eps> [150


]
File: ohms_law_fig_1.eps Graphic file (type eps)
 <ohms_law_fig_1.eps>
Underfull \vbox (badness 1259) has occurred while \output is active []

 [151]
Underfull \vbox (badness 2460) has occurred while \output is active []

 [152]
File: ohms_law_fig_2b.eps Graphic file (type eps)

<ohms_law_fig_2b.eps> [153]) [154]
\openout2 = `magnetism_1.aux'.

 (magnetism_1.tex [155


] [156]) [157]
\openout2 = `magnetism_2.aux'.


(magnetism_2.tex
File: magnetism_2_fig_1.eps Graphic file (type eps)
 <magnetism_2_fig_1.eps> [158


]
File: magnetism_2_fig_2.eps Graphic file (type eps)
 <magnetism_2_fig_2.eps>
Underfull \vbox (badness 1708) has occurred while \output is active []

 [159]
File: magnetism_2_fig_3.eps Graphic file (type eps)

<magnetism_2_fig_3.eps>) [160]
\openout2 = `magnetism_3.aux'.

 (magnetism_3.tex [161


]
File: tangent_galvanometer.eps Graphic file (type eps)

<tangent_galvanometer.eps> [162]) [163]
\openout2 = `magnetic_field_earth.aux'.

 (magnetic_field_earth.tex [164


]
[165]) [166]
\openout2 = `electromagnetic_induction.aux'.

 (electromagnetic_induction.tex [167


]) [168]
\openout2 = `induction2.aux'.

 (induction2.tex
[169


] [170] [171]
Invalid UTF-8 byte or sequence at line 140 replaced by U+FFFD.
Invalid UTF-8 byte or sequence at line 140 replaced by U+FFFD.
Invalid UTF-8 byte or sequence at line 140 replaced by U+FFFD.
Invalid UTF-8 byte or sequence at line 140 replaced by U+FFFD.
Invalid UTF-8 byte or sequence at line 140 replaced by U+FFFD.
Invalid UTF-8 byte or sequence at line 140 replaced by U+FFFD.
File: indfig1.eps Graphic file (type eps)
 <indfig1.eps>
Invalid UTF-8 byte or sequence at line 142 replaced by U+FFFD.
Invalid UTF-8 byte or sequence at line 142 replaced by U+FFFD.
Invalid UTF-8 byte or sequence at line 142 replaced by U+FFFD.
Invalid UTF-8 byte or sequence at line 142 replaced by U+FFFD.
Invalid UTF-8 byte or sequence at line 142 replaced by U+FFFD.
Invalid UTF-8 byte or sequence at line 142 replaced by U+FFFD.
File: indfig2.eps Graphic file (type eps)
 <indfig2.eps>
Invalid UTF-8 byte or sequence at line 144 replaced by U+FFFD.
Invalid UTF-8 byte or sequence at line 144 replaced by U+FFFD.
Invalid UTF-8 byte or sequence at line 144 replaced by U+FFFD.
Invalid UTF-8 byte or sequence at line 144 replaced by U+FFFD.
Invalid UTF-8 byte or sequence at line 144 replaced by U+FFFD.
Invalid UTF-8 byte or sequence at line 144 replaced by U+FFFD.
File: indfig3.eps Graphic file (type eps)
 <indfig3.eps>
Invalid UTF-8 byte or sequence at line 146 replaced by U+FFFD.
Invalid UTF-8 byte or sequence at line 146 replaced by U+FFFD.
Invalid UTF-8 byte or sequence at line 146 replaced by U+FFFD.
Invalid UTF-8 byte or sequence at line 146 replaced by U+FFFD.
Invalid UTF-8 byte or sequence at line 146 replaced by U+FFFD.
Invalid UTF-8 byte or sequence at line 146 replaced by U+FFFD.
File: indfig4.eps Graphic file (type eps)
 <indfig4.eps>)
[172]
\openout2 = `refraction_of_light.aux'.

 (refraction_of_light.tex
File: refraction_of_light_fig_1.eps Graphic file (type eps)
 <refraction_of_light_fig_1.eps> [173


] [174])
[175]
\openout2 = `refraction_at_spherical_surfaces.aux'.

 (refraction_at_spherical_surfaces.tex [176


]) [177]
\openout2 = `interference_of_light.aux'.


(interference_of_light.tex
File: interference_of_light_fig1b.eps Graphic file (type eps)
 <interference_of_light_fig1b.eps> [178


] [179]
[180]) [181]
\openout2 = `diffraction2.aux'.

 (diffraction2.tex [182


]) [183]
\openout2 = `diffraction_grating.aux'.

 (diffraction_grating.tex) [184


]
\openout2 = `hydrogen.aux'.


(hydrogen.tex
Overfull \hbox (1.14441pt too wide) in paragraph at lines 74--81
[]\T1/cmr/m/n/10 Using the spec-trom-e-ter, mea-sure the an-gu-lar po-si-tion o
f the di-rect beam, $\OML/cmm/m/it/10 ^^R[]$\T1/cmr/m/n/10 , and record it here
: $\OML/cmm/m/it/10 ^^R[]  \OT1/cmr/m/n/10 =  $\T1/cmr/m/n/10 degrees.
 []

[185


] [186]) [187]
\openout2 = `treatment_data.aux'.

 (treatment_data.tex [188


]) [189]
\openout2 = `datastudio.aux'.

 (datastudio.tex
File: datastudio_fig1.eps Graphic file (type eps)

<datastudio_fig1.eps> [190


]) [191]
\openout2 = `excel.aux'.

 (excel.tex
Requested font "ecbx1200" at 12.0pt
File: excelfigs/excelwindow.eps Graphic file (type eps)
 <excelfigs/excelwindow.eps>
File: excelfigs/scatterplot.eps Graphic file (type eps)

<excelfigs/scatterplot.eps> [192


]
File: excelfigs/histf1.eps Graphic file (type eps)
 <excelfigs/histf1.eps>
File: excelfigs/histf2.eps Graphic file (type eps)

<excelfigs/histf2.eps> [193]
File: excelfigs/histf3.eps Graphic file (type eps)
 <excelfigs/histf3.eps>
File: excelfigs/histf4.eps Graphic file (type eps)
 <excelfigs/histf4.eps>)
[194]
\openout2 = `video_analysis.aux'.

 (video_analysis.tex
Overfull \hbox (10.01775pt too wide) in paragraph at lines 81--89
[]\T1/cmr/m/n/10 Start up \T1/cmr/m/it/10 Video-point \T1/cmr/m/n/10 by go-ing 
to \T1/cmtt/m/n/10 Start $\OMS/cmsy/m/n/10 !$ \T1/cmtt/m/n/10 Programs $\OMS/cm
sy/m/n/10 !$ \T1/cmtt/m/n/10 Physics Applications $\OMS/cmsy/m/n/10 !$ \T1/cmtt
/m/n/10 VideoPoint $\OMS/cmsy/m/n/10 !$ \T1/cmtt/m/n/10 VideoPoint
 []

[195


]) [196]
\openout2 = `video_analysis_tracker.aux'.

 (video_analysis_tracker.tex
File: Tracker_figure.eps Graphic file (type eps)
 <Tracker_figure.eps> [197


] [198])
[199]
\openout2 = `instrumentation.aux'.

 (instrumentation.tex [200


]
File: instrumentation_fig1.eps Graphic file (type eps)
 <instrumentation_fig1.eps> [201] [202])
[203] (master.aux (measuring.aux) (measurement.aux) (position.aux)
(velocity.aux) (relating.aux) (changing.aux) (slowing.aux) (grav_freefall.aux)
(force1.aux) (newton.aux) (friction.aux) (elec_grav.aux) (momentum.aux)
(work_power.aux) (work_kinetic.aux) (conservation_mech.aux) (hooke.aux)
(periodic_motion.aux) (pendulum_period.aux) (heat_temp_int_energy.aux)
(boyles_law.aux) (calorimetry.aux) (Standing_waves_strings.aux)
(resonance_tubes.aux) (electrostatics.aux) (EF_EP_1.aux) (EF_EP_2.aux)
(ohms_law.aux) (magnetism_1.aux) (magnetism_2.aux) (magnetism_3.aux)
(magnetic_field_earth.aux) (electromagnetic_induction.aux) (induction2.aux)
(refraction_of_light.aux) (refraction_at_spherical_surfaces.aux)
(interference_of_light.aux) (diffraction2.aux) (diffraction_grating.aux)
(hydrogen.aux) (treatment_data.aux) (datastudio.aux) (excel.aux)
(video_analysis.aux) (video_analysis_tracker.aux) (instrumentation.aux)) ) 
Here is how much of TeX's memory you used:
 2766 strings out of 428721
 36472 string characters out of 3164046
 109043 words of memory out of 3000000
 5649 multiletter control sequences out of 15000+200000
 21329 words of font info for 51 fonts, out of 3000000 for 9000
 1096 hyphenation exceptions out of 8191
 33i,11n,43p,1030b,367s stack positions out of 5000i,500n,10000p,200000b,50000s

Output written on master.pdf (204 pages).
